########### array before sorts ###########
0	3.067400	5.470453	3.837678	5.949688	n
1	3.837678	5.949688	3.898070	5.977067	n
2	3.898070	5.977067	3.963489	5.987884	n
3	3.963489	5.987884	4.029479	5.981400	n
4	4.029479	5.981400	4.043359	5.977750	n
5	4.043359	5.977750	6.002478	5.403016	n
6	6.002478	5.403016	6.067994	5.392814	n
7	6.067994	5.392814	6.133919	5.399917	n
8	6.133919	5.399917	6.145922	5.403144	n
9	6.145922	5.403144	14.578156	7.893450	n
10	14.578156	7.893450	14.643656	7.903771	n
11	14.643656	7.903771	14.660556	7.903638	n
12	14.660556	7.903638	24.259891	7.508041	n
13	24.259891	7.508041	24.325224	7.496685	n
14	24.325224	7.496685	24.360575	7.482650	n
15	24.360575	7.482650	25.884794	6.740925	n
16	25.884794	6.740925	28.318444	5.619238	n
17	28.318444	5.619238	28.381769	5.599578	n
18	28.381769	5.599578	28.387478	5.598666	n
19	28.387478	5.598666	28.800822	5.537325	n
20	28.800822	5.537325	29.980072	5.559716	n
21	29.980072	5.559716	30.045966	5.552312	n
22	30.045966	5.552312	30.099122	5.532628	n
23	30.099122	5.532628	31.242503	4.956941	n
24	31.242503	4.956941	31.305112	4.935107	n
25	31.305112	4.935107	31.320763	4.932366	n
26	31.320763	4.932366	34.921463	4.417313	n
27	34.921463	4.417313	34.947734	4.414941	n
28	34.947734	4.414941	38.503409	4.279141	n
29	38.503409	4.279141	38.568770	4.267982	n
30	38.568770	4.267982	38.629016	4.240287	n
31	38.629016	4.240287	38.679475	4.198556	n
32	38.679475	4.198556	39.270275	3.565034	n
33	39.270275	3.565034	39.321440	3.522859	n
34	39.321440	3.522859	39.381779	3.495364	n
35	39.381779	3.495364	39.447177	3.484423	n
36	39.447177	3.484423	39.513179	3.490781	n
37	39.513179	3.490781	39.540869	3.498856	n
38	39.540869	3.498856	41.946228	4.351181	n
39	41.946228	4.351181	42.003672	4.364288	n
40	42.003672	4.364288	63.286269	6.673019	n
41	63.286269	6.673019	63.352560	6.671503	n
42	63.352560	6.671503	63.358797	6.670456	n
43	63.358797	6.670456	65.063275	6.362675	n
44	65.063275	6.362675	65.129505	6.359509	n
45	65.129505	6.359509	65.194298	6.373592	n
46	65.194298	6.373592	65.253237	6.403966	n
47	65.253237	6.403966	65.280016	6.425369	n
48	65.280016	6.425369	66.640694	7.672250	n
49	66.640694	7.672250	66.695009	7.710283	n
50	66.695009	7.710283	66.757317	7.732963	n
51	66.757317	7.732963	66.823372	7.738743	n
52	66.823372	7.738743	66.887678	7.727541	n
53	66.887678	7.727541	67.683256	7.480291	n
54	67.683256	7.480291	67.748604	7.469045	n
55	67.748604	7.469045	67.780578	7.469797	n
56	67.780578	7.469797	69.653244	7.632156	n
57	69.653244	7.632156	69.719490	7.629212	n
58	69.719490	7.629212	69.750403	7.621713	n
59	69.750403	7.621713	73.685637	6.401650	n
60	73.685637	6.401650	73.750989	6.390448	n
61	73.750989	6.390448	73.782463	6.391178	n
62	73.782463	6.391178	76.859800	6.653916	n
63	76.859800	6.653916	76.926035	6.650887	n
64	76.926035	6.650887	76.935319	6.649050	n
65	76.935319	6.649050	79.301672	6.135075	n
66	79.301672	6.135075	79.328926	6.125288	n
67	79.328926	6.125288	79.351553	6.109822	n
68	79.351553	6.109822	79.885278	6.177322	n
69	79.885278	6.177322	79.914372	6.179312	n
70	79.914372	6.179312	81.639038	6.198153	n
71	81.639038	6.198153	81.703322	6.207150	n
72	81.703322	6.207150	82.375494	6.391138	n
73	82.375494	6.391138	82.436618	6.416842	n
74	82.436618	6.416842	82.489006	6.457490	n
75	82.489006	6.457490	82.501394	6.470950	n
76	82.501394	6.470950	82.563019	6.542944	n
77	82.563019	6.542944	82.598938	6.577403	n
78	82.598938	6.577403	82.907656	6.820259	n
79	82.907656	6.820259	82.916427	6.803326	n
80	82.916427	6.803326	82.929280	6.789240	n
81	82.929280	6.789240	82.945342	6.778961	n
82	82.945342	6.778961	82.963516	6.773189	n
83	82.963516	6.773189	82.982565	6.772318	n
84	82.982565	6.772318	82.995013	6.774478	n
85	82.995013	6.774478	83.331378	6.863366	n
86	83.331378	6.863366	83.392724	6.888527	n
87	83.392724	6.888527	83.443894	6.927163	n
88	83.443894	6.927163	84.776188	8.227466	n
89	84.776188	8.227466	84.829280	8.267188	n
90	84.829280	8.267188	84.835672	8.270659	n
91	84.835672	8.270659	87.711688	9.778225	n
92	87.711688	9.778225	87.773932	9.801081	n
93	87.773932	9.801081	87.837553	9.807134	n
94	87.837553	9.807134	90.512069	9.723475	n
95	90.512069	9.723475	90.577499	9.712770	n
96	90.577499	9.712770	90.586703	9.709800	n
97	90.586703	9.709800	92.480259	9.058841	n
98	92.480259	9.058841	92.538456	9.030059	n
99	92.538456	9.030059	94.753062	7.555453	n
100	94.753062	7.555453	94.812578	7.526221	n
101	94.812578	7.526221	94.877632	7.513389	n
102	94.877632	7.513389	94.943790	7.517832	n
103	94.943790	7.517832	95.006544	7.539247	n
104	95.006544	7.539247	95.061617	7.576173	n
105	95.061617	7.576173	95.105257	7.626096	n
106	95.105257	7.626096	95.134488	7.685612	n
107	95.134488	7.685612	95.139297	7.701559	n
108	95.139297	7.701559	95.167341	7.806963	n
109	95.167341	7.806963	95.175878	7.872718	n
110	95.175878	7.872718	95.171116	7.921231	n
111	95.171116	7.921231	95.043534	8.570703	n
112	95.043534	8.570703	95.039356	8.636879	n
113	95.039356	8.636879	95.052447	8.701881	n
114	95.052447	8.701881	95.053603	8.705188	n
115	95.053603	8.705188	95.306281	9.411784	n
116	95.306281	9.411784	95.336568	9.470772	n
117	95.336568	9.470772	95.381088	9.519912	n
118	95.381088	9.519912	95.413506	9.543303	n
119	95.413506	9.543303	97.168800	10.610366	n
120	97.168800	10.610366	97.220478	10.651913	n
121	97.220478	10.651913	97.259643	10.705418	n
122	97.259643	10.705418	97.283626	10.767236	n
123	97.283626	10.767236	97.290791	10.833155	n
124	97.290791	10.833155	97.280652	10.898682	n
125	97.280652	10.898682	97.279538	10.902391	n
126	97.279538	10.902391	96.640156	12.971637	n
127	96.640156	12.971637	96.629017	13.037002	n
128	96.629017	13.037002	96.632778	13.091209	n
129	96.632778	13.091209	96.871197	14.428484	n
130	96.871197	14.428484	96.874215	14.494722	n
131	96.874215	14.494722	96.859986	14.559483	n
132	96.859986	14.559483	96.829481	14.618356	n
133	96.829481	14.618356	96.784777	14.667326	n
134	96.784777	14.667326	96.728922	14.703059	n
135	96.728922	14.703059	96.665723	14.723117	n
136	96.665723	14.723117	96.599485	14.726134	n
137	96.599485	14.726134	96.571306	14.722122	n
138	96.571306	14.722122	96.547581	14.720538	n
139	96.547581	14.720538	96.524254	14.725151	n
140	96.524254	14.725151	96.502915	14.735643	n
141	96.502915	14.735643	96.485020	14.751301	n
142	96.485020	14.751301	96.471786	14.771057	n
143	96.471786	14.771057	96.464117	14.793565	n
144	96.464117	14.793565	96.462535	14.817291	n
145	96.462535	14.817291	96.465053	14.833472	n
146	96.465053	14.833472	96.823013	16.269472	n
147	96.823013	16.269472	96.847313	16.331166	n
148	96.847313	16.331166	96.886752	16.384469	n
149	96.886752	16.384469	96.926759	16.418153	n
150	96.926759	16.418153	97.446178	16.770941	n
151	97.446178	16.770941	97.495699	16.815036	n
152	97.495699	16.815036	97.532119	16.870447	n
153	97.532119	16.870447	97.552957	16.933395	n
154	97.552957	16.933395	97.556792	16.999593	n
155	97.556792	16.999593	97.543363	17.064527	n
156	97.543363	17.064527	97.531297	17.093353	n
157	97.531297	17.093353	97.376331	17.407763	n
158	97.376331	17.407763	97.355032	17.470555	n
159	97.355032	17.470555	97.350710	17.536721	n
160	97.350710	17.536721	97.363660	17.601752	n
161	97.363660	17.601752	97.393000	17.661215	n
162	97.393000	17.661215	97.402188	17.674075	n
163	97.402188	17.674075	98.152994	18.658625	n
164	98.152994	18.658625	98.832941	20.126828	n
165	98.832941	20.126828	98.852713	20.190118	n
166	98.852713	20.190118	98.855430	20.256370	n
167	98.855430	20.256370	98.840908	20.321068	n
168	98.840908	20.321068	98.839000	20.326103	n
169	98.839000	20.326103	98.369016	21.527503	n
170	98.369016	21.527503	98.337006	21.585573	n
171	98.337006	21.585573	98.292384	21.632309	n
172	98.292384	21.632309	96.425009	23.145500	n
173	96.425009	23.145500	96.368484	23.180164	n
174	96.368484	23.180164	96.304913	23.199017	n
175	96.304913	23.199017	96.291544	23.200775	n
176	96.291544	23.200775	94.318584	23.407331	n
177	94.318584	23.407331	94.254103	23.422782	n
178	94.254103	23.422782	94.195818	23.454397	n
179	94.195818	23.454397	94.186191	23.461744	n
180	94.186191	23.461744	92.057297	25.167844	n
181	92.057297	25.167844	92.011412	25.215707	n
182	92.011412	25.215707	91.995575	25.240081	n
183	91.995575	25.240081	90.770675	27.384791	n
184	90.770675	27.384791	90.730557	27.437584	n
185	90.730557	27.437584	90.728163	27.439969	n
186	90.728163	27.439969	87.700844	30.415506	n
187	87.700844	30.415506	87.647891	30.455418	n
188	87.647891	30.455418	87.586414	30.480263	n
189	87.586414	30.480263	87.584181	30.480828	n
190	87.584181	30.480828	83.606738	31.471459	n
191	83.606738	31.471459	83.558481	31.478647	n
192	83.558481	31.478647	81.597837	31.580159	n
193	81.597837	31.580159	81.532626	31.592201	n
194	81.532626	31.592201	81.515734	31.598347	n
195	81.515734	31.598347	81.181641	31.733472	n
196	81.181641	31.733472	80.455009	31.853353	n
197	80.455009	31.853353	80.388736	31.855518	n
198	80.388736	31.855518	80.346341	31.847659	n
199	80.346341	31.847659	79.689406	31.667078	n
200	79.689406	31.667078	79.623723	31.657999	n
201	79.623723	31.657999	79.566609	31.664128	n
202	79.566609	31.664128	75.847350	32.496538	n
203	75.847350	32.496538	75.785087	32.519341	n
204	75.785087	32.519341	75.757172	32.536316	n
205	75.757172	32.536316	75.580931	32.659678	n
206	75.580931	32.659678	75.532035	32.704468	n
207	75.532035	32.704468	75.496399	32.760386	n
208	75.496399	32.760386	75.482119	32.798834	n
209	75.482119	32.798834	75.260909	33.583278	n
210	75.260909	33.583278	75.234738	33.644200	n
211	75.234738	33.644200	75.193690	33.696274	n
212	75.193690	33.696274	75.140562	33.735950	n
213	75.140562	33.735950	75.078977	33.760523	n
214	75.078977	33.760523	75.022438	33.768272	n
215	75.022438	33.768272	73.844597	33.796072	n
216	73.844597	33.796072	73.779085	33.806275	n
217	73.779085	33.806275	73.718446	33.833084	n
218	73.718446	33.833084	73.703906	33.842638	n
219	73.703906	33.842638	73.415447	34.046691	n
220	73.415447	34.046691	72.981703	34.507216	n
221	72.981703	34.507216	72.930332	34.549138	n
222	72.930332	34.549138	72.869860	34.576336	n
223	72.869860	34.576336	72.829681	34.584931	n
224	72.829681	34.584931	59.608003	36.310959	n
225	59.608003	36.310959	59.306147	36.373553	n
226	59.306147	36.373553	59.191453	36.397106	n
227	59.191453	36.397106	59.129284	36.407412	n
228	59.129284	36.407412	55.750116	36.835487	n
229	55.750116	36.835487	55.685984	36.852337	n
230	55.685984	36.852337	55.662484	36.863369	n
231	55.662484	36.863369	55.095081	37.166066	n
232	55.095081	37.166066	55.033003	37.189375	n
233	55.033003	37.189375	55.025994	37.190900	n
234	55.025994	37.190900	45.792497	39.062881	n
235	45.792497	39.062881	45.726350	39.067462	n
236	45.726350	39.067462	45.683222	39.061044	n
237	45.683222	39.061044	44.326125	38.738069	n
238	44.326125	38.738069	44.260169	38.731266	n
239	44.260169	38.731266	44.194699	38.741768	n
240	44.194699	38.741768	44.134177	38.768857	n
241	44.134177	38.768857	44.082729	38.810687	n
242	44.082729	38.810687	44.043861	38.864408	n
243	44.043861	38.864408	44.023209	38.914975	n
244	44.023209	38.914975	44.016844	38.937113	n
245	44.016844	38.937113	43.990359	38.997900	n
246	43.990359	38.997900	43.949043	39.049761	n
247	43.949043	39.049761	43.895711	39.089162	n
248	43.895711	39.089162	43.833999	39.113417	n
249	43.833999	39.113417	43.772616	39.120916	n
250	43.772616	39.120916	41.095194	39.119663	n
251	41.095194	39.119663	41.029475	39.110985	n
252	41.029475	39.110985	40.980456	39.092213	n
253	40.980456	39.092213	37.092259	37.120978	n
254	37.092259	37.120978	37.029709	37.098970	n
255	37.029709	37.098970	36.991528	37.093919	n
256	36.991528	37.093919	36.547469	37.069184	n
257	36.547469	37.069184	36.103841	36.787950	n
258	36.103841	36.787950	36.043684	36.760062	n
259	36.043684	36.760062	35.978358	36.748693	n
260	35.978358	36.748693	35.961969	36.748541	n
261	35.961969	36.748541	35.693613	36.754750	n
262	35.693613	36.754750	35.380816	36.776534	n
263	35.380816	36.776534	34.520775	36.707469	n
264	34.520775	36.707469	34.455939	36.693582	n
265	34.455939	36.693582	34.445156	36.689466	n
266	34.445156	36.689466	33.665766	36.371491	n
267	33.665766	36.371491	33.601627	36.354671	n
268	33.601627	36.354671	33.556016	36.353047	n
269	33.556016	36.353047	31.154469	36.483728	n
270	31.154469	36.483728	31.088359	36.478660	n
271	31.088359	36.478660	31.025815	36.456655	n
272	31.025815	36.456655	30.971097	36.419212	n
273	30.971097	36.419212	30.952078	36.400250	n
274	30.952078	36.400250	30.792813	36.223725	n
275	30.792813	36.223725	30.701938	36.242216	n
276	30.701938	36.242216	30.635793	36.246842	n
277	30.635793	36.246842	30.625016	36.245950	n
278	30.625016	36.245950	29.472272	36.126025	n
279	29.472272	36.126025	28.677172	36.162550	n
280	28.677172	36.162550	28.611101	36.156919	n
281	28.611101	36.156919	28.548740	36.134381	n
282	28.548740	36.134381	28.529225	36.123156	n
283	28.529225	36.123156	28.296903	35.975428	n
284	28.296903	35.975428	28.051906	35.773772	n
285	28.051906	35.773772	28.046156	35.769178	n
286	28.046156	35.769178	27.835391	35.605706	n
287	27.835391	35.605706	27.835011	35.605485	n
288	27.835011	35.605485	27.834589	35.605369	n
289	27.834589	35.605369	27.834151	35.605366	n
290	27.834151	35.605366	27.833756	35.605466	n
291	27.833756	35.605466	27.664156	35.587666	n
292	27.664156	35.587666	26.680984	35.639059	n
293	26.680984	35.639059	26.614883	35.633849	n
294	26.614883	35.633849	26.565084	35.617744	n
295	26.565084	35.617744	26.023325	35.378409	n
296	26.023325	35.378409	25.973625	35.362328	n
297	25.973625	35.362328	25.694900	35.302928	n
298	25.694900	35.302928	25.632407	35.280761	n
299	25.632407	35.280761	25.577781	35.243175	n
300	25.577781	35.243175	25.534745	35.192732	n
301	25.534745	35.192732	25.506231	35.132869	n
302	25.506231	35.132869	25.503934	35.125397	n
303	25.503934	35.125397	24.962450	33.262500	n
304	24.962450	33.262500	24.935789	33.201789	n
305	24.935789	33.201789	24.894323	33.150046	n
306	24.894323	33.150046	24.879675	33.137047	n
307	24.879675	33.137047	17.461056	27.049128	n
308	17.461056	27.049128	17.404746	27.014117	n
309	17.404746	27.014117	17.385875	27.006463	n
310	17.385875	27.006463	16.314588	26.621241	n
311	16.314588	26.621241	16.255654	26.590849	n
312	16.255654	26.590849	16.206595	26.546243	n
313	16.206595	26.546243	16.189650	26.523797	n
314	16.189650	26.523797	13.863203	23.058316	n
315	13.863203	23.058316	13.833748	22.998910	n
316	13.833748	22.998910	13.829066	22.983669	n
317	13.829066	22.983669	13.586878	22.096919	n
318	13.586878	22.096919	13.577906	22.031221	n
319	13.577906	22.031221	13.582084	21.984109	n
320	13.582084	21.984109	13.753959	21.048534	n
321	13.753959	21.048534	13.757326	20.982313	n
322	13.757326	20.982313	13.743438	20.917477	n
323	13.743438	20.917477	13.713242	20.858444	n
324	13.713242	20.858444	13.686000	20.825319	n
325	13.686000	20.825319	13.522275	20.657403	n
326	13.522275	20.657403	13.482578	20.604293	n
327	13.482578	20.604293	13.462853	20.559450	n
328	13.462853	20.559450	11.902022	15.814284	n
329	11.902022	15.814284	11.873258	15.754541	n
330	11.873258	15.754541	11.848197	15.722259	n
331	11.848197	15.722259	8.602362	12.172206	n
332	8.602362	12.172206	8.560641	12.135569	n
333	8.560641	12.135569	6.346741	10.584619	n
334	6.346741	10.584619	6.287933	10.553988	n
335	6.287933	10.553988	6.223201	10.539622	n
336	6.223201	10.539622	6.213269	10.538947	n
337	6.213269	10.538947	4.387988	10.450712	n
338	4.387988	10.450712	4.322748	10.438894	n
339	4.322748	10.438894	4.262791	10.410596	n
340	4.262791	10.410596	4.259047	10.408141	n
341	4.259047	10.408141	1.561544	8.604044	n
342	1.561544	8.604044	1.511711	8.560301	n
343	1.511711	8.560301	1.474896	8.505153	n
344	1.474896	8.505153	1.453609	8.442355	n
345	1.453609	8.442355	1.449301	8.376188	n
346	1.449301	8.376188	1.462265	8.311160	n
347	1.462265	8.311160	1.491617	8.251704	n
348	1.491617	8.251704	1.535358	8.201870	n
349	1.535358	8.201870	1.590507	8.165055	n
350	1.590507	8.165055	1.653304	8.143769	n
351	1.653304	8.143769	1.668309	8.141256	n
352	1.668309	8.141256	2.476159	8.030703	n
353	2.476159	8.030703	2.540117	8.013215	n
354	2.540117	8.013215	2.597370	7.979770	n
355	2.597370	7.979770	2.644016	7.932647	n
356	2.644016	7.932647	2.676876	7.875057	n
357	2.676876	7.875057	2.679384	7.868672	n
358	2.679384	7.868672	2.772038	7.622969	n
359	2.772038	7.622969	2.787136	7.558402	n
360	2.787136	7.558402	2.787047	7.507406	n
361	2.787047	7.507406	2.704634	6.704509	n
362	2.704634	6.704509	2.693053	6.650494	n
363	2.693053	6.650494	2.341038	5.588831	n
364	2.341038	5.588831	2.328564	5.523707	n
365	2.328564	5.523707	2.333369	5.457574	n
366	2.333369	5.457574	2.355127	5.394938	n
367	2.355127	5.394938	2.392355	5.340068	n
368	2.392355	5.340068	2.442516	5.296703	n
369	2.442516	5.296703	2.502192	5.267798	n
370	2.502192	5.267798	2.567315	5.255323	n
371	2.567315	5.255323	2.633448	5.260128	n
372	2.633448	5.260128	2.696084	5.281887	n
373	2.696084	5.281887	2.697141	5.282422	n
374	2.697141	5.282422	3.067400	5.470453	n
375	25.300000	34.700000	25.390576	34.979248	n
376	25.390576	34.979248	25.550341	35.225537	n
377	25.550341	35.225537	25.768406	35.422084	n
378	25.768406	35.422084	25.900000	35.500000	n
Tolerance=0.050000.
*Exact match for i=0 and j=1.
*i point 3.067400	5.470453	3.837678	5.949688	y
*Exact match for i=1 and j=2.
*i point 3.837678	5.949688	3.898070	5.977067	y
*Exact match for i=2 and j=3.
*i point 3.898070	5.977067	3.963489	5.987884	y
*Exact match for i=3 and j=4.
*i point 3.963489	5.987884	4.029479	5.981400	y
*Exact match for i=4 and j=5.
*i point 4.029479	5.981400	4.043359	5.977750	y
*Exact match for i=5 and j=6.
*i point 4.043359	5.977750	6.002478	5.403016	y
*Exact match for i=6 and j=7.
*i point 6.002478	5.403016	6.067994	5.392814	y
*Exact match for i=7 and j=8.
*i point 6.067994	5.392814	6.133919	5.399917	y
*Exact match for i=8 and j=9.
*i point 6.133919	5.399917	6.145922	5.403144	y
*Exact match for i=9 and j=10.
*i point 6.145922	5.403144	14.578156	7.893450	y
*Exact match for i=10 and j=11.
*i point 14.578156	7.893450	14.643656	7.903771	y
*Exact match for i=11 and j=12.
*i point 14.643656	7.903771	14.660556	7.903638	y
*Exact match for i=12 and j=13.
*i point 14.660556	7.903638	24.259891	7.508041	y
*Exact match for i=13 and j=14.
*i point 24.259891	7.508041	24.325224	7.496685	y
*Exact match for i=14 and j=15.
*i point 24.325224	7.496685	24.360575	7.482650	y
*Exact match for i=15 and j=16.
*i point 24.360575	7.482650	25.884794	6.740925	y
*Exact match for i=16 and j=17.
*i point 25.884794	6.740925	28.318444	5.619238	y
*Exact match for i=17 and j=18.
*i point 28.318444	5.619238	28.381769	5.599578	y
*Exact match for i=18 and j=19.
*i point 28.381769	5.599578	28.387478	5.598666	y
*Exact match for i=19 and j=20.
*i point 28.387478	5.598666	28.800822	5.537325	y
*Exact match for i=20 and j=21.
*i point 28.800822	5.537325	29.980072	5.559716	y
*Exact match for i=21 and j=22.
*i point 29.980072	5.559716	30.045966	5.552312	y
*Exact match for i=22 and j=23.
*i point 30.045966	5.552312	30.099122	5.532628	y
*Exact match for i=23 and j=24.
*i point 30.099122	5.532628	31.242503	4.956941	y
*Exact match for i=24 and j=25.
*i point 31.242503	4.956941	31.305112	4.935107	y
*Exact match for i=25 and j=26.
*i point 31.305112	4.935107	31.320763	4.932366	y
*Exact match for i=26 and j=27.
*i point 31.320763	4.932366	34.921463	4.417313	y
*Exact match for i=27 and j=28.
*i point 34.921463	4.417313	34.947734	4.414941	y
*Exact match for i=28 and j=29.
*i point 34.947734	4.414941	38.503409	4.279141	y
*Exact match for i=29 and j=30.
*i point 38.503409	4.279141	38.568770	4.267982	y
*Exact match for i=30 and j=31.
*i point 38.568770	4.267982	38.629016	4.240287	y
*Exact match for i=31 and j=32.
*i point 38.629016	4.240287	38.679475	4.198556	y
*Exact match for i=32 and j=33.
*i point 38.679475	4.198556	39.270275	3.565034	y
*Exact match for i=33 and j=34.
*i point 39.270275	3.565034	39.321440	3.522859	y
*Exact match for i=34 and j=35.
*i point 39.321440	3.522859	39.381779	3.495364	y
*Exact match for i=35 and j=36.
*i point 39.381779	3.495364	39.447177	3.484423	y
*Exact match for i=36 and j=37.
*i point 39.447177	3.484423	39.513179	3.490781	y
*Exact match for i=37 and j=38.
*i point 39.513179	3.490781	39.540869	3.498856	y
*Exact match for i=38 and j=39.
*i point 39.540869	3.498856	41.946228	4.351181	y
*Exact match for i=39 and j=40.
*i point 41.946228	4.351181	42.003672	4.364288	y
*Exact match for i=40 and j=41.
*i point 42.003672	4.364288	63.286269	6.673019	y
*Exact match for i=41 and j=42.
*i point 63.286269	6.673019	63.352560	6.671503	y
*Exact match for i=42 and j=43.
*i point 63.352560	6.671503	63.358797	6.670456	y
*Exact match for i=43 and j=44.
*i point 63.358797	6.670456	65.063275	6.362675	y
*Exact match for i=44 and j=45.
*i point 65.063275	6.362675	65.129505	6.359509	y
*Exact match for i=45 and j=46.
*i point 65.129505	6.359509	65.194298	6.373592	y
*Exact match for i=46 and j=47.
*i point 65.194298	6.373592	65.253237	6.403966	y
*Exact match for i=47 and j=48.
*i point 65.253237	6.403966	65.280016	6.425369	y
*Exact match for i=48 and j=49.
*i point 65.280016	6.425369	66.640694	7.672250	y
*Exact match for i=49 and j=50.
*i point 66.640694	7.672250	66.695009	7.710283	y
*Exact match for i=50 and j=51.
*i point 66.695009	7.710283	66.757317	7.732963	y
*Exact match for i=51 and j=52.
*i point 66.757317	7.732963	66.823372	7.738743	y
*Exact match for i=52 and j=53.
*i point 66.823372	7.738743	66.887678	7.727541	y
*Exact match for i=53 and j=54.
*i point 66.887678	7.727541	67.683256	7.480291	y
*Exact match for i=54 and j=55.
*i point 67.683256	7.480291	67.748604	7.469045	y
*Exact match for i=55 and j=56.
*i point 67.748604	7.469045	67.780578	7.469797	y
*Exact match for i=56 and j=57.
*i point 67.780578	7.469797	69.653244	7.632156	y
*Exact match for i=57 and j=58.
*i point 69.653244	7.632156	69.719490	7.629212	y
*Exact match for i=58 and j=59.
*i point 69.719490	7.629212	69.750403	7.621713	y
*Exact match for i=59 and j=60.
*i point 69.750403	7.621713	73.685637	6.401650	y
*Exact match for i=60 and j=61.
*i point 73.685637	6.401650	73.750989	6.390448	y
*Exact match for i=61 and j=62.
*i point 73.750989	6.390448	73.782463	6.391178	y
*Exact match for i=62 and j=63.
*i point 73.782463	6.391178	76.859800	6.653916	y
*Exact match for i=63 and j=64.
*i point 76.859800	6.653916	76.926035	6.650887	y
*Exact match for i=64 and j=65.
*i point 76.926035	6.650887	76.935319	6.649050	y
*Exact match for i=65 and j=66.
*i point 76.935319	6.649050	79.301672	6.135075	y
*Exact match for i=66 and j=67.
*i point 79.301672	6.135075	79.328926	6.125288	y
*Exact match for i=67 and j=68.
*i point 79.328926	6.125288	79.351553	6.109822	y
*Exact match for i=68 and j=69.
*i point 79.351553	6.109822	79.885278	6.177322	y
*Exact match for i=69 and j=70.
*i point 79.885278	6.177322	79.914372	6.179312	y
*Exact match for i=70 and j=71.
*i point 79.914372	6.179312	81.639038	6.198153	y
*Exact match for i=71 and j=72.
*i point 81.639038	6.198153	81.703322	6.207150	y
*Exact match for i=72 and j=73.
*i point 81.703322	6.207150	82.375494	6.391138	y
*Exact match for i=73 and j=74.
*i point 82.375494	6.391138	82.436618	6.416842	y
*Exact match for i=74 and j=75.
*i point 82.436618	6.416842	82.489006	6.457490	y
*Exact match for i=75 and j=76.
*i point 82.489006	6.457490	82.501394	6.470950	y
*Exact match for i=76 and j=77.
*i point 82.501394	6.470950	82.563019	6.542944	y
*Exact match for i=77 and j=78.
*i point 82.563019	6.542944	82.598938	6.577403	y
*Exact match for i=78 and j=79.
*i point 82.598938	6.577403	82.907656	6.820259	y
*Exact match for i=79 and j=80.
*i point 82.907656	6.820259	82.916427	6.803326	y
*Exact match for i=80 and j=81.
*i point 82.916427	6.803326	82.929280	6.789240	y
*Exact match for i=81 and j=82.
*i point 82.929280	6.789240	82.945342	6.778961	y
*Exact match for i=82 and j=83.
*i point 82.945342	6.778961	82.963516	6.773189	y
*Exact match for i=83 and j=84.
*i point 82.963516	6.773189	82.982565	6.772318	y
*Exact match for i=84 and j=85.
*i point 82.982565	6.772318	82.995013	6.774478	y
*Exact match for i=85 and j=86.
*i point 82.995013	6.774478	83.331378	6.863366	y
*Exact match for i=86 and j=87.
*i point 83.331378	6.863366	83.392724	6.888527	y
*Exact match for i=87 and j=88.
*i point 83.392724	6.888527	83.443894	6.927163	y
*Exact match for i=88 and j=89.
*i point 83.443894	6.927163	84.776188	8.227466	y
*Exact match for i=89 and j=90.
*i point 84.776188	8.227466	84.829280	8.267188	y
*Exact match for i=90 and j=91.
*i point 84.829280	8.267188	84.835672	8.270659	y
*Exact match for i=91 and j=92.
*i point 84.835672	8.270659	87.711688	9.778225	y
*Exact match for i=92 and j=93.
*i point 87.711688	9.778225	87.773932	9.801081	y
*Exact match for i=93 and j=94.
*i point 87.773932	9.801081	87.837553	9.807134	y
*Exact match for i=94 and j=95.
*i point 87.837553	9.807134	90.512069	9.723475	y
*Exact match for i=95 and j=96.
*i point 90.512069	9.723475	90.577499	9.712770	y
*Exact match for i=96 and j=97.
*i point 90.577499	9.712770	90.586703	9.709800	y
*Exact match for i=97 and j=98.
*i point 90.586703	9.709800	92.480259	9.058841	y
*Exact match for i=98 and j=99.
*i point 92.480259	9.058841	92.538456	9.030059	y
*Exact match for i=99 and j=100.
*i point 92.538456	9.030059	94.753062	7.555453	y
*Exact match for i=100 and j=101.
*i point 94.753062	7.555453	94.812578	7.526221	y
*Exact match for i=101 and j=102.
*i point 94.812578	7.526221	94.877632	7.513389	y
*Exact match for i=102 and j=103.
*i point 94.877632	7.513389	94.943790	7.517832	y
*Exact match for i=103 and j=104.
*i point 94.943790	7.517832	95.006544	7.539247	y
*Exact match for i=104 and j=105.
*i point 95.006544	7.539247	95.061617	7.576173	y
*Exact match for i=105 and j=106.
*i point 95.061617	7.576173	95.105257	7.626096	y
*Exact match for i=106 and j=107.
*i point 95.105257	7.626096	95.134488	7.685612	y
*Exact match for i=107 and j=108.
*i point 95.134488	7.685612	95.139297	7.701559	y
*Exact match for i=108 and j=109.
*i point 95.139297	7.701559	95.167341	7.806963	y
*Exact match for i=109 and j=110.
*i point 95.167341	7.806963	95.175878	7.872718	y
*Exact match for i=110 and j=111.
*i point 95.175878	7.872718	95.171116	7.921231	y
*Exact match for i=111 and j=112.
*i point 95.171116	7.921231	95.043534	8.570703	y
*Exact match for i=112 and j=113.
*i point 95.043534	8.570703	95.039356	8.636879	y
*Exact match for i=113 and j=114.
*i point 95.039356	8.636879	95.052447	8.701881	y
*Exact match for i=114 and j=115.
*i point 95.052447	8.701881	95.053603	8.705188	y
*Exact match for i=115 and j=116.
*i point 95.053603	8.705188	95.306281	9.411784	y
*Exact match for i=116 and j=117.
*i point 95.306281	9.411784	95.336568	9.470772	y
*Exact match for i=117 and j=118.
*i point 95.336568	9.470772	95.381088	9.519912	y
*Exact match for i=118 and j=119.
*i point 95.381088	9.519912	95.413506	9.543303	y
*Exact match for i=119 and j=120.
*i point 95.413506	9.543303	97.168800	10.610366	y
*Exact match for i=120 and j=121.
*i point 97.168800	10.610366	97.220478	10.651913	y
*Exact match for i=121 and j=122.
*i point 97.220478	10.651913	97.259643	10.705418	y
*Exact match for i=122 and j=123.
*i point 97.259643	10.705418	97.283626	10.767236	y
*Exact match for i=123 and j=124.
*i point 97.283626	10.767236	97.290791	10.833155	y
*Exact match for i=124 and j=125.
*i point 97.290791	10.833155	97.280652	10.898682	y
*Exact match for i=125 and j=126.
*i point 97.280652	10.898682	97.279538	10.902391	y
*Exact match for i=126 and j=127.
*i point 97.279538	10.902391	96.640156	12.971637	y
*Exact match for i=127 and j=128.
*i point 96.640156	12.971637	96.629017	13.037002	y
*Exact match for i=128 and j=129.
*i point 96.629017	13.037002	96.632778	13.091209	y
*Exact match for i=129 and j=130.
*i point 96.632778	13.091209	96.871197	14.428484	y
*Exact match for i=130 and j=131.
*i point 96.871197	14.428484	96.874215	14.494722	y
*Exact match for i=131 and j=132.
*i point 96.874215	14.494722	96.859986	14.559483	y
*Exact match for i=132 and j=133.
*i point 96.859986	14.559483	96.829481	14.618356	y
*Exact match for i=133 and j=134.
*i point 96.829481	14.618356	96.784777	14.667326	y
*Exact match for i=134 and j=135.
*i point 96.784777	14.667326	96.728922	14.703059	y
*Exact match for i=135 and j=136.
*i point 96.728922	14.703059	96.665723	14.723117	y
*Exact match for i=136 and j=137.
*i point 96.665723	14.723117	96.599485	14.726134	y
*Exact match for i=137 and j=138.
*i point 96.599485	14.726134	96.571306	14.722122	y
*Exact match for i=138 and j=139.
*i point 96.571306	14.722122	96.547581	14.720538	y
*Exact match for i=139 and j=140.
*i point 96.547581	14.720538	96.524254	14.725151	y
*Exact match for i=140 and j=141.
*i point 96.524254	14.725151	96.502915	14.735643	y
*Exact match for i=141 and j=142.
*i point 96.502915	14.735643	96.485020	14.751301	y
*Exact match for i=142 and j=143.
*i point 96.485020	14.751301	96.471786	14.771057	y
*Exact match for i=143 and j=144.
*i point 96.471786	14.771057	96.464117	14.793565	y
*Exact match for i=144 and j=145.
*i point 96.464117	14.793565	96.462535	14.817291	y
*Exact match for i=145 and j=146.
*i point 96.462535	14.817291	96.465053	14.833472	y
*Exact match for i=146 and j=147.
*i point 96.465053	14.833472	96.823013	16.269472	y
*Exact match for i=147 and j=148.
*i point 96.823013	16.269472	96.847313	16.331166	y
*Exact match for i=148 and j=149.
*i point 96.847313	16.331166	96.886752	16.384469	y
*Exact match for i=149 and j=150.
*i point 96.886752	16.384469	96.926759	16.418153	y
*Exact match for i=150 and j=151.
*i point 96.926759	16.418153	97.446178	16.770941	y
*Exact match for i=151 and j=152.
*i point 97.446178	16.770941	97.495699	16.815036	y
*Exact match for i=152 and j=153.
*i point 97.495699	16.815036	97.532119	16.870447	y
*Exact match for i=153 and j=154.
*i point 97.532119	16.870447	97.552957	16.933395	y
*Exact match for i=154 and j=155.
*i point 97.552957	16.933395	97.556792	16.999593	y
*Exact match for i=155 and j=156.
*i point 97.556792	16.999593	97.543363	17.064527	y
*Exact match for i=156 and j=157.
*i point 97.543363	17.064527	97.531297	17.093353	y
*Exact match for i=157 and j=158.
*i point 97.531297	17.093353	97.376331	17.407763	y
*Exact match for i=158 and j=159.
*i point 97.376331	17.407763	97.355032	17.470555	y
*Exact match for i=159 and j=160.
*i point 97.355032	17.470555	97.350710	17.536721	y
*Exact match for i=160 and j=161.
*i point 97.350710	17.536721	97.363660	17.601752	y
*Exact match for i=161 and j=162.
*i point 97.363660	17.601752	97.393000	17.661215	y
*Exact match for i=162 and j=163.
*i point 97.393000	17.661215	97.402188	17.674075	y
*Exact match for i=163 and j=164.
*i point 97.402188	17.674075	98.152994	18.658625	y
*Exact match for i=164 and j=165.
*i point 98.152994	18.658625	98.832941	20.126828	y
*Exact match for i=165 and j=166.
*i point 98.832941	20.126828	98.852713	20.190118	y
*Exact match for i=166 and j=167.
*i point 98.852713	20.190118	98.855430	20.256370	y
*Exact match for i=167 and j=168.
*i point 98.855430	20.256370	98.840908	20.321068	y
*Exact match for i=168 and j=169.
*i point 98.840908	20.321068	98.839000	20.326103	y
*Exact match for i=169 and j=170.
*i point 98.839000	20.326103	98.369016	21.527503	y
*Exact match for i=170 and j=171.
*i point 98.369016	21.527503	98.337006	21.585573	y
*Exact match for i=171 and j=172.
*i point 98.337006	21.585573	98.292384	21.632309	y
*Exact match for i=172 and j=173.
*i point 98.292384	21.632309	96.425009	23.145500	y
*Exact match for i=173 and j=174.
*i point 96.425009	23.145500	96.368484	23.180164	y
*Exact match for i=174 and j=175.
*i point 96.368484	23.180164	96.304913	23.199017	y
*Exact match for i=175 and j=176.
*i point 96.304913	23.199017	96.291544	23.200775	y
*Exact match for i=176 and j=177.
*i point 96.291544	23.200775	94.318584	23.407331	y
*Exact match for i=177 and j=178.
*i point 94.318584	23.407331	94.254103	23.422782	y
*Exact match for i=178 and j=179.
*i point 94.254103	23.422782	94.195818	23.454397	y
*Exact match for i=179 and j=180.
*i point 94.195818	23.454397	94.186191	23.461744	y
*Exact match for i=180 and j=181.
*i point 94.186191	23.461744	92.057297	25.167844	y
*Exact match for i=181 and j=182.
*i point 92.057297	25.167844	92.011412	25.215707	y
*Exact match for i=182 and j=183.
*i point 92.011412	25.215707	91.995575	25.240081	y
*Exact match for i=183 and j=184.
*i point 91.995575	25.240081	90.770675	27.384791	y
*Exact match for i=184 and j=185.
*i point 90.770675	27.384791	90.730557	27.437584	y
*Exact match for i=185 and j=186.
*i point 90.730557	27.437584	90.728163	27.439969	y
*Exact match for i=186 and j=187.
*i point 90.728163	27.439969	87.700844	30.415506	y
*Exact match for i=187 and j=188.
*i point 87.700844	30.415506	87.647891	30.455418	y
*Exact match for i=188 and j=189.
*i point 87.647891	30.455418	87.586414	30.480263	y
*Exact match for i=189 and j=190.
*i point 87.586414	30.480263	87.584181	30.480828	y
*Exact match for i=190 and j=191.
*i point 87.584181	30.480828	83.606738	31.471459	y
*Exact match for i=191 and j=192.
*i point 83.606738	31.471459	83.558481	31.478647	y
*Exact match for i=192 and j=193.
*i point 83.558481	31.478647	81.597837	31.580159	y
*Exact match for i=193 and j=194.
*i point 81.597837	31.580159	81.532626	31.592201	y
*Exact match for i=194 and j=195.
*i point 81.532626	31.592201	81.515734	31.598347	y
*Exact match for i=195 and j=196.
*i point 81.515734	31.598347	81.181641	31.733472	y
*Exact match for i=196 and j=197.
*i point 81.181641	31.733472	80.455009	31.853353	y
*Exact match for i=197 and j=198.
*i point 80.455009	31.853353	80.388736	31.855518	y
*Exact match for i=198 and j=199.
*i point 80.388736	31.855518	80.346341	31.847659	y
*Exact match for i=199 and j=200.
*i point 80.346341	31.847659	79.689406	31.667078	y
*Exact match for i=200 and j=201.
*i point 79.689406	31.667078	79.623723	31.657999	y
*Exact match for i=201 and j=202.
*i point 79.623723	31.657999	79.566609	31.664128	y
*Exact match for i=202 and j=203.
*i point 79.566609	31.664128	75.847350	32.496538	y
*Exact match for i=203 and j=204.
*i point 75.847350	32.496538	75.785087	32.519341	y
*Exact match for i=204 and j=205.
*i point 75.785087	32.519341	75.757172	32.536316	y
*Exact match for i=205 and j=206.
*i point 75.757172	32.536316	75.580931	32.659678	y
*Exact match for i=206 and j=207.
*i point 75.580931	32.659678	75.532035	32.704468	y
*Exact match for i=207 and j=208.
*i point 75.532035	32.704468	75.496399	32.760386	y
*Exact match for i=208 and j=209.
*i point 75.496399	32.760386	75.482119	32.798834	y
*Exact match for i=209 and j=210.
*i point 75.482119	32.798834	75.260909	33.583278	y
*Exact match for i=210 and j=211.
*i point 75.260909	33.583278	75.234738	33.644200	y
*Exact match for i=211 and j=212.
*i point 75.234738	33.644200	75.193690	33.696274	y
*Exact match for i=212 and j=213.
*i point 75.193690	33.696274	75.140562	33.735950	y
*Exact match for i=213 and j=214.
*i point 75.140562	33.735950	75.078977	33.760523	y
*Exact match for i=214 and j=215.
*i point 75.078977	33.760523	75.022438	33.768272	y
*Exact match for i=215 and j=216.
*i point 75.022438	33.768272	73.844597	33.796072	y
*Exact match for i=216 and j=217.
*i point 73.844597	33.796072	73.779085	33.806275	y
*Exact match for i=217 and j=218.
*i point 73.779085	33.806275	73.718446	33.833084	y
*Exact match for i=218 and j=219.
*i point 73.718446	33.833084	73.703906	33.842638	y
*Exact match for i=219 and j=220.
*i point 73.703906	33.842638	73.415447	34.046691	y
*Exact match for i=220 and j=221.
*i point 73.415447	34.046691	72.981703	34.507216	y
*Exact match for i=221 and j=222.
*i point 72.981703	34.507216	72.930332	34.549138	y
*Exact match for i=222 and j=223.
*i point 72.930332	34.549138	72.869860	34.576336	y
*Exact match for i=223 and j=224.
*i point 72.869860	34.576336	72.829681	34.584931	y
*Exact match for i=224 and j=225.
*i point 72.829681	34.584931	59.608003	36.310959	y
*Exact match for i=225 and j=226.
*i point 59.608003	36.310959	59.306147	36.373553	y
*Exact match for i=226 and j=227.
*i point 59.306147	36.373553	59.191453	36.397106	y
*Exact match for i=227 and j=228.
*i point 59.191453	36.397106	59.129284	36.407412	y
*Exact match for i=228 and j=229.
*i point 59.129284	36.407412	55.750116	36.835487	y
*Exact match for i=229 and j=230.
*i point 55.750116	36.835487	55.685984	36.852337	y
*Exact match for i=230 and j=231.
*i point 55.685984	36.852337	55.662484	36.863369	y
*Exact match for i=231 and j=232.
*i point 55.662484	36.863369	55.095081	37.166066	y
*Exact match for i=232 and j=233.
*i point 55.095081	37.166066	55.033003	37.189375	y
*Exact match for i=233 and j=234.
*i point 55.033003	37.189375	55.025994	37.190900	y
*Exact match for i=234 and j=235.
*i point 55.025994	37.190900	45.792497	39.062881	y
*Exact match for i=235 and j=236.
*i point 45.792497	39.062881	45.726350	39.067462	y
*Exact match for i=236 and j=237.
*i point 45.726350	39.067462	45.683222	39.061044	y
*Exact match for i=237 and j=238.
*i point 45.683222	39.061044	44.326125	38.738069	y
*Exact match for i=238 and j=239.
*i point 44.326125	38.738069	44.260169	38.731266	y
*Exact match for i=239 and j=240.
*i point 44.260169	38.731266	44.194699	38.741768	y
*Exact match for i=240 and j=241.
*i point 44.194699	38.741768	44.134177	38.768857	y
*Exact match for i=241 and j=242.
*i point 44.134177	38.768857	44.082729	38.810687	y
*Exact match for i=242 and j=243.
*i point 44.082729	38.810687	44.043861	38.864408	y
*Exact match for i=243 and j=244.
*i point 44.043861	38.864408	44.023209	38.914975	y
*Exact match for i=244 and j=245.
*i point 44.023209	38.914975	44.016844	38.937113	y
*Exact match for i=245 and j=246.
*i point 44.016844	38.937113	43.990359	38.997900	y
*Exact match for i=246 and j=247.
*i point 43.990359	38.997900	43.949043	39.049761	y
*Exact match for i=247 and j=248.
*i point 43.949043	39.049761	43.895711	39.089162	y
*Exact match for i=248 and j=249.
*i point 43.895711	39.089162	43.833999	39.113417	y
*Exact match for i=249 and j=250.
*i point 43.833999	39.113417	43.772616	39.120916	y
*Exact match for i=250 and j=251.
*i point 43.772616	39.120916	41.095194	39.119663	y
*Exact match for i=251 and j=252.
*i point 41.095194	39.119663	41.029475	39.110985	y
*Exact match for i=252 and j=253.
*i point 41.029475	39.110985	40.980456	39.092213	y
*Exact match for i=253 and j=254.
*i point 40.980456	39.092213	37.092259	37.120978	y
*Exact match for i=254 and j=255.
*i point 37.092259	37.120978	37.029709	37.098970	y
*Exact match for i=255 and j=256.
*i point 37.029709	37.098970	36.991528	37.093919	y
*Exact match for i=256 and j=257.
*i point 36.991528	37.093919	36.547469	37.069184	y
*Exact match for i=257 and j=258.
*i point 36.547469	37.069184	36.103841	36.787950	y
*Exact match for i=258 and j=259.
*i point 36.103841	36.787950	36.043684	36.760062	y
*Exact match for i=259 and j=260.
*i point 36.043684	36.760062	35.978358	36.748693	y
*Exact match for i=260 and j=261.
*i point 35.978358	36.748693	35.961969	36.748541	y
*Exact match for i=261 and j=262.
*i point 35.961969	36.748541	35.693613	36.754750	y
*Exact match for i=262 and j=263.
*i point 35.693613	36.754750	35.380816	36.776534	y
*Exact match for i=263 and j=264.
*i point 35.380816	36.776534	34.520775	36.707469	y
*Exact match for i=264 and j=265.
*i point 34.520775	36.707469	34.455939	36.693582	y
*Exact match for i=265 and j=266.
*i point 34.455939	36.693582	34.445156	36.689466	y
*Exact match for i=266 and j=267.
*i point 34.445156	36.689466	33.665766	36.371491	y
*Exact match for i=267 and j=268.
*i point 33.665766	36.371491	33.601627	36.354671	y
*Exact match for i=268 and j=269.
*i point 33.601627	36.354671	33.556016	36.353047	y
*Exact match for i=269 and j=270.
*i point 33.556016	36.353047	31.154469	36.483728	y
*Exact match for i=270 and j=271.
*i point 31.154469	36.483728	31.088359	36.478660	y
*Exact match for i=271 and j=272.
*i point 31.088359	36.478660	31.025815	36.456655	y
*Exact match for i=272 and j=273.
*i point 31.025815	36.456655	30.971097	36.419212	y
*Exact match for i=273 and j=274.
*i point 30.971097	36.419212	30.952078	36.400250	y
*Exact match for i=274 and j=275.
*i point 30.952078	36.400250	30.792813	36.223725	y
*Exact match for i=275 and j=276.
*i point 30.792813	36.223725	30.701938	36.242216	y
*Exact match for i=276 and j=277.
*i point 30.701938	36.242216	30.635793	36.246842	y
*Exact match for i=277 and j=278.
*i point 30.635793	36.246842	30.625016	36.245950	y
*Exact match for i=278 and j=279.
*i point 30.625016	36.245950	29.472272	36.126025	y
*Exact match for i=279 and j=280.
*i point 29.472272	36.126025	28.677172	36.162550	y
*Exact match for i=280 and j=281.
*i point 28.677172	36.162550	28.611101	36.156919	y
*Exact match for i=281 and j=282.
*i point 28.611101	36.156919	28.548740	36.134381	y
*Exact match for i=282 and j=283.
*i point 28.548740	36.134381	28.529225	36.123156	y
*Exact match for i=283 and j=284.
*i point 28.529225	36.123156	28.296903	35.975428	y
*Exact match for i=284 and j=285.
*i point 28.296903	35.975428	28.051906	35.773772	y
*Exact match for i=285 and j=286.
*i point 28.051906	35.773772	28.046156	35.769178	y
*Exact match for i=286 and j=287.
*i point 28.046156	35.769178	27.835391	35.605706	y
*Exact match for i=287 and j=288.
*i point 27.835391	35.605706	27.835011	35.605485	y
*Exact match for i=288 and j=289.
*i point 27.835011	35.605485	27.834589	35.605369	y
*Exact match for i=289 and j=290.
*i point 27.834589	35.605369	27.834151	35.605366	y
*Exact match for i=290 and j=291.
*i point 27.834151	35.605366	27.833756	35.605466	y
*Exact match for i=291 and j=292.
*i point 27.833756	35.605466	27.664156	35.587666	y
*Exact match for i=292 and j=293.
*i point 27.664156	35.587666	26.680984	35.639059	y
*Exact match for i=293 and j=294.
*i point 26.680984	35.639059	26.614883	35.633849	y
*Exact match for i=294 and j=295.
*i point 26.614883	35.633849	26.565084	35.617744	y
*Exact match for i=295 and j=296.
*i point 26.565084	35.617744	26.023325	35.378409	y
*Exact match for i=296 and j=297.
*i point 26.023325	35.378409	25.973625	35.362328	y
*Exact match for i=297 and j=298.
*i point 25.973625	35.362328	25.694900	35.302928	y
*Exact match for i=298 and j=299.
*i point 25.694900	35.302928	25.632407	35.280761	y
*Exact match for i=299 and j=300.
*i point 25.632407	35.280761	25.577781	35.243175	y
*Exact match for i=300 and j=301.
*i point 25.577781	35.243175	25.534745	35.192732	y
*Exact match for i=301 and j=302.
*i point 25.534745	35.192732	25.506231	35.132869	y
*Exact match for i=302 and j=303.
*i point 25.506231	35.132869	25.503934	35.125397	y
*Exact match for i=303 and j=304.
*i point 25.503934	35.125397	24.962450	33.262500	y
*Exact match for i=304 and j=305.
*i point 24.962450	33.262500	24.935789	33.201789	y
*Exact match for i=305 and j=306.
*i point 24.935789	33.201789	24.894323	33.150046	y
*Exact match for i=306 and j=307.
*i point 24.894323	33.150046	24.879675	33.137047	y
*Exact match for i=307 and j=308.
*i point 24.879675	33.137047	17.461056	27.049128	y
*Exact match for i=308 and j=309.
*i point 17.461056	27.049128	17.404746	27.014117	y
*Exact match for i=309 and j=310.
*i point 17.404746	27.014117	17.385875	27.006463	y
*Exact match for i=310 and j=311.
*i point 17.385875	27.006463	16.314588	26.621241	y
*Exact match for i=311 and j=312.
*i point 16.314588	26.621241	16.255654	26.590849	y
*Exact match for i=312 and j=313.
*i point 16.255654	26.590849	16.206595	26.546243	y
*Exact match for i=313 and j=314.
*i point 16.206595	26.546243	16.189650	26.523797	y
*Exact match for i=314 and j=315.
*i point 16.189650	26.523797	13.863203	23.058316	y
*Exact match for i=315 and j=316.
*i point 13.863203	23.058316	13.833748	22.998910	y
*Exact match for i=316 and j=317.
*i point 13.833748	22.998910	13.829066	22.983669	y
*Exact match for i=317 and j=318.
*i point 13.829066	22.983669	13.586878	22.096919	y
*Exact match for i=318 and j=319.
*i point 13.586878	22.096919	13.577906	22.031221	y
*Exact match for i=319 and j=320.
*i point 13.577906	22.031221	13.582084	21.984109	y
*Exact match for i=320 and j=321.
*i point 13.582084	21.984109	13.753959	21.048534	y
*Exact match for i=321 and j=322.
*i point 13.753959	21.048534	13.757326	20.982313	y
*Exact match for i=322 and j=323.
*i point 13.757326	20.982313	13.743438	20.917477	y
*Exact match for i=323 and j=324.
*i point 13.743438	20.917477	13.713242	20.858444	y
*Exact match for i=324 and j=325.
*i point 13.713242	20.858444	13.686000	20.825319	y
*Exact match for i=325 and j=326.
*i point 13.686000	20.825319	13.522275	20.657403	y
*Exact match for i=326 and j=327.
*i point 13.522275	20.657403	13.482578	20.604293	y
*Exact match for i=327 and j=328.
*i point 13.482578	20.604293	13.462853	20.559450	y
*Exact match for i=328 and j=329.
*i point 13.462853	20.559450	11.902022	15.814284	y
*Exact match for i=329 and j=330.
*i point 11.902022	15.814284	11.873258	15.754541	y
*Exact match for i=330 and j=331.
*i point 11.873258	15.754541	11.848197	15.722259	y
*Exact match for i=331 and j=332.
*i point 11.848197	15.722259	8.602362	12.172206	y
*Exact match for i=332 and j=333.
*i point 8.602362	12.172206	8.560641	12.135569	y
*Exact match for i=333 and j=334.
*i point 8.560641	12.135569	6.346741	10.584619	y
*Exact match for i=334 and j=335.
*i point 6.346741	10.584619	6.287933	10.553988	y
*Exact match for i=335 and j=336.
*i point 6.287933	10.553988	6.223201	10.539622	y
*Exact match for i=336 and j=337.
*i point 6.223201	10.539622	6.213269	10.538947	y
*Exact match for i=337 and j=338.
*i point 6.213269	10.538947	4.387988	10.450712	y
*Exact match for i=338 and j=339.
*i point 4.387988	10.450712	4.322748	10.438894	y
*Exact match for i=339 and j=340.
*i point 4.322748	10.438894	4.262791	10.410596	y
*Exact match for i=340 and j=341.
*i point 4.262791	10.410596	4.259047	10.408141	y
*Exact match for i=341 and j=342.
*i point 4.259047	10.408141	1.561544	8.604044	y
*Exact match for i=342 and j=343.
*i point 1.561544	8.604044	1.511711	8.560301	y
*Exact match for i=343 and j=344.
*i point 1.511711	8.560301	1.474896	8.505153	y
*Exact match for i=344 and j=345.
*i point 1.474896	8.505153	1.453609	8.442355	y
*Exact match for i=345 and j=346.
*i point 1.453609	8.442355	1.449301	8.376188	y
*Exact match for i=346 and j=347.
*i point 1.449301	8.376188	1.462265	8.311160	y
*Exact match for i=347 and j=348.
*i point 1.462265	8.311160	1.491617	8.251704	y
*Exact match for i=348 and j=349.
*i point 1.491617	8.251704	1.535358	8.201870	y
*Exact match for i=349 and j=350.
*i point 1.535358	8.201870	1.590507	8.165055	y
*Exact match for i=350 and j=351.
*i point 1.590507	8.165055	1.653304	8.143769	y
*Exact match for i=351 and j=352.
*i point 1.653304	8.143769	1.668309	8.141256	y
*Exact match for i=352 and j=353.
*i point 1.668309	8.141256	2.476159	8.030703	y
*Exact match for i=353 and j=354.
*i point 2.476159	8.030703	2.540117	8.013215	y
*Exact match for i=354 and j=355.
*i point 2.540117	8.013215	2.597370	7.979770	y
*Exact match for i=355 and j=356.
*i point 2.597370	7.979770	2.644016	7.932647	y
*Exact match for i=356 and j=357.
*i point 2.644016	7.932647	2.676876	7.875057	y
*Exact match for i=357 and j=358.
*i point 2.676876	7.875057	2.679384	7.868672	y
*Exact match for i=358 and j=359.
*i point 2.679384	7.868672	2.772038	7.622969	y
*Exact match for i=359 and j=360.
*i point 2.772038	7.622969	2.787136	7.558402	y
*Exact match for i=360 and j=361.
*i point 2.787136	7.558402	2.787047	7.507406	y
*Exact match for i=361 and j=362.
*i point 2.787047	7.507406	2.704634	6.704509	y
*Exact match for i=362 and j=363.
*i point 2.704634	6.704509	2.693053	6.650494	y
*Exact match for i=363 and j=364.
*i point 2.693053	6.650494	2.341038	5.588831	y
*Exact match for i=364 and j=365.
*i point 2.341038	5.588831	2.328564	5.523707	y
*Exact match for i=365 and j=366.
*i point 2.328564	5.523707	2.333369	5.457574	y
*Exact match for i=366 and j=367.
*i point 2.333369	5.457574	2.355127	5.394938	y
*Exact match for i=367 and j=368.
*i point 2.355127	5.394938	2.392355	5.340068	y
*Exact match for i=368 and j=369.
*i point 2.392355	5.340068	2.442516	5.296703	y
*Exact match for i=369 and j=370.
*i point 2.442516	5.296703	2.502192	5.267798	y
*Exact match for i=370 and j=371.
*i point 2.502192	5.267798	2.567315	5.255323	y
*Exact match for i=371 and j=372.
*i point 2.567315	5.255323	2.633448	5.260128	y
*Exact match for i=372 and j=373.
*i point 2.633448	5.260128	2.696084	5.281887	y
*Exact match for i=373 and j=374.
*i point 2.696084	5.281887	2.697141	5.282422	y
*Exact match for i=375 and j=376.
*i point 25.300000	34.700000	25.390576	34.979248	y
*Exact match for i=376 and j=377.
*i point 25.390576	34.979248	25.550341	35.225537	y
*Exact match for i=377 and j=378.
*i point 25.550341	35.225537	25.768406	35.422084	y
No match for i=378.
########### array after sorts ###########
0	3.067400	5.470453	3.837678	5.949688	y
1	3.837678	5.949688	3.898070	5.977067	y
2	3.898070	5.977067	3.963489	5.987884	y
3	3.963489	5.987884	4.029479	5.981400	y
4	4.029479	5.981400	4.043359	5.977750	y
5	4.043359	5.977750	6.002478	5.403016	y
6	6.002478	5.403016	6.067994	5.392814	y
7	6.067994	5.392814	6.133919	5.399917	y
8	6.133919	5.399917	6.145922	5.403144	y
9	6.145922	5.403144	14.578156	7.893450	y
10	14.578156	7.893450	14.643656	7.903771	y
11	14.643656	7.903771	14.660556	7.903638	y
12	14.660556	7.903638	24.259891	7.508041	y
13	24.259891	7.508041	24.325224	7.496685	y
14	24.325224	7.496685	24.360575	7.482650	y
15	24.360575	7.482650	25.884794	6.740925	y
16	25.884794	6.740925	28.318444	5.619238	y
17	28.318444	5.619238	28.381769	5.599578	y
18	28.381769	5.599578	28.387478	5.598666	y
19	28.387478	5.598666	28.800822	5.537325	y
20	28.800822	5.537325	29.980072	5.559716	y
21	29.980072	5.559716	30.045966	5.552312	y
22	30.045966	5.552312	30.099122	5.532628	y
23	30.099122	5.532628	31.242503	4.956941	y
24	31.242503	4.956941	31.305112	4.935107	y
25	31.305112	4.935107	31.320763	4.932366	y
26	31.320763	4.932366	34.921463	4.417313	y
27	34.921463	4.417313	34.947734	4.414941	y
28	34.947734	4.414941	38.503409	4.279141	y
29	38.503409	4.279141	38.568770	4.267982	y
30	38.568770	4.267982	38.629016	4.240287	y
31	38.629016	4.240287	38.679475	4.198556	y
32	38.679475	4.198556	39.270275	3.565034	y
33	39.270275	3.565034	39.321440	3.522859	y
34	39.321440	3.522859	39.381779	3.495364	y
35	39.381779	3.495364	39.447177	3.484423	y
36	39.447177	3.484423	39.513179	3.490781	y
37	39.513179	3.490781	39.540869	3.498856	y
38	39.540869	3.498856	41.946228	4.351181	y
39	41.946228	4.351181	42.003672	4.364288	y
40	42.003672	4.364288	63.286269	6.673019	y
41	63.286269	6.673019	63.352560	6.671503	y
42	63.352560	6.671503	63.358797	6.670456	y
43	63.358797	6.670456	65.063275	6.362675	y
44	65.063275	6.362675	65.129505	6.359509	y
45	65.129505	6.359509	65.194298	6.373592	y
46	65.194298	6.373592	65.253237	6.403966	y
47	65.253237	6.403966	65.280016	6.425369	y
48	65.280016	6.425369	66.640694	7.672250	y
49	66.640694	7.672250	66.695009	7.710283	y
50	66.695009	7.710283	66.757317	7.732963	y
51	66.757317	7.732963	66.823372	7.738743	y
52	66.823372	7.738743	66.887678	7.727541	y
53	66.887678	7.727541	67.683256	7.480291	y
54	67.683256	7.480291	67.748604	7.469045	y
55	67.748604	7.469045	67.780578	7.469797	y
56	67.780578	7.469797	69.653244	7.632156	y
57	69.653244	7.632156	69.719490	7.629212	y
58	69.719490	7.629212	69.750403	7.621713	y
59	69.750403	7.621713	73.685637	6.401650	y
60	73.685637	6.401650	73.750989	6.390448	y
61	73.750989	6.390448	73.782463	6.391178	y
62	73.782463	6.391178	76.859800	6.653916	y
63	76.859800	6.653916	76.926035	6.650887	y
64	76.926035	6.650887	76.935319	6.649050	y
65	76.935319	6.649050	79.301672	6.135075	y
66	79.301672	6.135075	79.328926	6.125288	y
67	79.328926	6.125288	79.351553	6.109822	y
68	79.351553	6.109822	79.885278	6.177322	y
69	79.885278	6.177322	79.914372	6.179312	y
70	79.914372	6.179312	81.639038	6.198153	y
71	81.639038	6.198153	81.703322	6.207150	y
72	81.703322	6.207150	82.375494	6.391138	y
73	82.375494	6.391138	82.436618	6.416842	y
74	82.436618	6.416842	82.489006	6.457490	y
75	82.489006	6.457490	82.501394	6.470950	y
76	82.501394	6.470950	82.563019	6.542944	y
77	82.563019	6.542944	82.598938	6.577403	y
78	82.598938	6.577403	82.907656	6.820259	y
79	82.907656	6.820259	82.916427	6.803326	y
80	82.916427	6.803326	82.929280	6.789240	y
81	82.929280	6.789240	82.945342	6.778961	y
82	82.945342	6.778961	82.963516	6.773189	y
83	82.963516	6.773189	82.982565	6.772318	y
84	82.982565	6.772318	82.995013	6.774478	y
85	82.995013	6.774478	83.331378	6.863366	y
86	83.331378	6.863366	83.392724	6.888527	y
87	83.392724	6.888527	83.443894	6.927163	y
88	83.443894	6.927163	84.776188	8.227466	y
89	84.776188	8.227466	84.829280	8.267188	y
90	84.829280	8.267188	84.835672	8.270659	y
91	84.835672	8.270659	87.711688	9.778225	y
92	87.711688	9.778225	87.773932	9.801081	y
93	87.773932	9.801081	87.837553	9.807134	y
94	87.837553	9.807134	90.512069	9.723475	y
95	90.512069	9.723475	90.577499	9.712770	y
96	90.577499	9.712770	90.586703	9.709800	y
97	90.586703	9.709800	92.480259	9.058841	y
98	92.480259	9.058841	92.538456	9.030059	y
99	92.538456	9.030059	94.753062	7.555453	y
100	94.753062	7.555453	94.812578	7.526221	y
101	94.812578	7.526221	94.877632	7.513389	y
102	94.877632	7.513389	94.943790	7.517832	y
103	94.943790	7.517832	95.006544	7.539247	y
104	95.006544	7.539247	95.061617	7.576173	y
105	95.061617	7.576173	95.105257	7.626096	y
106	95.105257	7.626096	95.134488	7.685612	y
107	95.134488	7.685612	95.139297	7.701559	y
108	95.139297	7.701559	95.167341	7.806963	y
109	95.167341	7.806963	95.175878	7.872718	y
110	95.175878	7.872718	95.171116	7.921231	y
111	95.171116	7.921231	95.043534	8.570703	y
112	95.043534	8.570703	95.039356	8.636879	y
113	95.039356	8.636879	95.052447	8.701881	y
114	95.052447	8.701881	95.053603	8.705188	y
115	95.053603	8.705188	95.306281	9.411784	y
116	95.306281	9.411784	95.336568	9.470772	y
117	95.336568	9.470772	95.381088	9.519912	y
118	95.381088	9.519912	95.413506	9.543303	y
119	95.413506	9.543303	97.168800	10.610366	y
120	97.168800	10.610366	97.220478	10.651913	y
121	97.220478	10.651913	97.259643	10.705418	y
122	97.259643	10.705418	97.283626	10.767236	y
123	97.283626	10.767236	97.290791	10.833155	y
124	97.290791	10.833155	97.280652	10.898682	y
125	97.280652	10.898682	97.279538	10.902391	y
126	97.279538	10.902391	96.640156	12.971637	y
127	96.640156	12.971637	96.629017	13.037002	y
128	96.629017	13.037002	96.632778	13.091209	y
129	96.632778	13.091209	96.871197	14.428484	y
130	96.871197	14.428484	96.874215	14.494722	y
131	96.874215	14.494722	96.859986	14.559483	y
132	96.859986	14.559483	96.829481	14.618356	y
133	96.829481	14.618356	96.784777	14.667326	y
134	96.784777	14.667326	96.728922	14.703059	y
135	96.728922	14.703059	96.665723	14.723117	y
136	96.665723	14.723117	96.599485	14.726134	y
137	96.599485	14.726134	96.571306	14.722122	y
138	96.571306	14.722122	96.547581	14.720538	y
139	96.547581	14.720538	96.524254	14.725151	y
140	96.524254	14.725151	96.502915	14.735643	y
141	96.502915	14.735643	96.485020	14.751301	y
142	96.485020	14.751301	96.471786	14.771057	y
143	96.471786	14.771057	96.464117	14.793565	y
144	96.464117	14.793565	96.462535	14.817291	y
145	96.462535	14.817291	96.465053	14.833472	y
146	96.465053	14.833472	96.823013	16.269472	y
147	96.823013	16.269472	96.847313	16.331166	y
148	96.847313	16.331166	96.886752	16.384469	y
149	96.886752	16.384469	96.926759	16.418153	y
150	96.926759	16.418153	97.446178	16.770941	y
151	97.446178	16.770941	97.495699	16.815036	y
152	97.495699	16.815036	97.532119	16.870447	y
153	97.532119	16.870447	97.552957	16.933395	y
154	97.552957	16.933395	97.556792	16.999593	y
155	97.556792	16.999593	97.543363	17.064527	y
156	97.543363	17.064527	97.531297	17.093353	y
157	97.531297	17.093353	97.376331	17.407763	y
158	97.376331	17.407763	97.355032	17.470555	y
159	97.355032	17.470555	97.350710	17.536721	y
160	97.350710	17.536721	97.363660	17.601752	y
161	97.363660	17.601752	97.393000	17.661215	y
162	97.393000	17.661215	97.402188	17.674075	y
163	97.402188	17.674075	98.152994	18.658625	y
164	98.152994	18.658625	98.832941	20.126828	y
165	98.832941	20.126828	98.852713	20.190118	y
166	98.852713	20.190118	98.855430	20.256370	y
167	98.855430	20.256370	98.840908	20.321068	y
168	98.840908	20.321068	98.839000	20.326103	y
169	98.839000	20.326103	98.369016	21.527503	y
170	98.369016	21.527503	98.337006	21.585573	y
171	98.337006	21.585573	98.292384	21.632309	y
172	98.292384	21.632309	96.425009	23.145500	y
173	96.425009	23.145500	96.368484	23.180164	y
174	96.368484	23.180164	96.304913	23.199017	y
175	96.304913	23.199017	96.291544	23.200775	y
176	96.291544	23.200775	94.318584	23.407331	y
177	94.318584	23.407331	94.254103	23.422782	y
178	94.254103	23.422782	94.195818	23.454397	y
179	94.195818	23.454397	94.186191	23.461744	y
180	94.186191	23.461744	92.057297	25.167844	y
181	92.057297	25.167844	92.011412	25.215707	y
182	92.011412	25.215707	91.995575	25.240081	y
183	91.995575	25.240081	90.770675	27.384791	y
184	90.770675	27.384791	90.730557	27.437584	y
185	90.730557	27.437584	90.728163	27.439969	y
186	90.728163	27.439969	87.700844	30.415506	y
187	87.700844	30.415506	87.647891	30.455418	y
188	87.647891	30.455418	87.586414	30.480263	y
189	87.586414	30.480263	87.584181	30.480828	y
190	87.584181	30.480828	83.606738	31.471459	y
191	83.606738	31.471459	83.558481	31.478647	y
192	83.558481	31.478647	81.597837	31.580159	y
193	81.597837	31.580159	81.532626	31.592201	y
194	81.532626	31.592201	81.515734	31.598347	y
195	81.515734	31.598347	81.181641	31.733472	y
196	81.181641	31.733472	80.455009	31.853353	y
197	80.455009	31.853353	80.388736	31.855518	y
198	80.388736	31.855518	80.346341	31.847659	y
199	80.346341	31.847659	79.689406	31.667078	y
200	79.689406	31.667078	79.623723	31.657999	y
201	79.623723	31.657999	79.566609	31.664128	y
202	79.566609	31.664128	75.847350	32.496538	y
203	75.847350	32.496538	75.785087	32.519341	y
204	75.785087	32.519341	75.757172	32.536316	y
205	75.757172	32.536316	75.580931	32.659678	y
206	75.580931	32.659678	75.532035	32.704468	y
207	75.532035	32.704468	75.496399	32.760386	y
208	75.496399	32.760386	75.482119	32.798834	y
209	75.482119	32.798834	75.260909	33.583278	y
210	75.260909	33.583278	75.234738	33.644200	y
211	75.234738	33.644200	75.193690	33.696274	y
212	75.193690	33.696274	75.140562	33.735950	y
213	75.140562	33.735950	75.078977	33.760523	y
214	75.078977	33.760523	75.022438	33.768272	y
215	75.022438	33.768272	73.844597	33.796072	y
216	73.844597	33.796072	73.779085	33.806275	y
217	73.779085	33.806275	73.718446	33.833084	y
218	73.718446	33.833084	73.703906	33.842638	y
219	73.703906	33.842638	73.415447	34.046691	y
220	73.415447	34.046691	72.981703	34.507216	y
221	72.981703	34.507216	72.930332	34.549138	y
222	72.930332	34.549138	72.869860	34.576336	y
223	72.869860	34.576336	72.829681	34.584931	y
224	72.829681	34.584931	59.608003	36.310959	y
225	59.608003	36.310959	59.306147	36.373553	y
226	59.306147	36.373553	59.191453	36.397106	y
227	59.191453	36.397106	59.129284	36.407412	y
228	59.129284	36.407412	55.750116	36.835487	y
229	55.750116	36.835487	55.685984	36.852337	y
230	55.685984	36.852337	55.662484	36.863369	y
231	55.662484	36.863369	55.095081	37.166066	y
232	55.095081	37.166066	55.033003	37.189375	y
233	55.033003	37.189375	55.025994	37.190900	y
234	55.025994	37.190900	45.792497	39.062881	y
235	45.792497	39.062881	45.726350	39.067462	y
236	45.726350	39.067462	45.683222	39.061044	y
237	45.683222	39.061044	44.326125	38.738069	y
238	44.326125	38.738069	44.260169	38.731266	y
239	44.260169	38.731266	44.194699	38.741768	y
240	44.194699	38.741768	44.134177	38.768857	y
241	44.134177	38.768857	44.082729	38.810687	y
242	44.082729	38.810687	44.043861	38.864408	y
243	44.043861	38.864408	44.023209	38.914975	y
244	44.023209	38.914975	44.016844	38.937113	y
245	44.016844	38.937113	43.990359	38.997900	y
246	43.990359	38.997900	43.949043	39.049761	y
247	43.949043	39.049761	43.895711	39.089162	y
248	43.895711	39.089162	43.833999	39.113417	y
249	43.833999	39.113417	43.772616	39.120916	y
250	43.772616	39.120916	41.095194	39.119663	y
251	41.095194	39.119663	41.029475	39.110985	y
252	41.029475	39.110985	40.980456	39.092213	y
253	40.980456	39.092213	37.092259	37.120978	y
254	37.092259	37.120978	37.029709	37.098970	y
255	37.029709	37.098970	36.991528	37.093919	y
256	36.991528	37.093919	36.547469	37.069184	y
257	36.547469	37.069184	36.103841	36.787950	y
258	36.103841	36.787950	36.043684	36.760062	y
259	36.043684	36.760062	35.978358	36.748693	y
260	35.978358	36.748693	35.961969	36.748541	y
261	35.961969	36.748541	35.693613	36.754750	y
262	35.693613	36.754750	35.380816	36.776534	y
263	35.380816	36.776534	34.520775	36.707469	y
264	34.520775	36.707469	34.455939	36.693582	y
265	34.455939	36.693582	34.445156	36.689466	y
266	34.445156	36.689466	33.665766	36.371491	y
267	33.665766	36.371491	33.601627	36.354671	y
268	33.601627	36.354671	33.556016	36.353047	y
269	33.556016	36.353047	31.154469	36.483728	y
270	31.154469	36.483728	31.088359	36.478660	y
271	31.088359	36.478660	31.025815	36.456655	y
272	31.025815	36.456655	30.971097	36.419212	y
273	30.971097	36.419212	30.952078	36.400250	y
274	30.952078	36.400250	30.792813	36.223725	y
275	30.792813	36.223725	30.701938	36.242216	y
276	30.701938	36.242216	30.635793	36.246842	y
277	30.635793	36.246842	30.625016	36.245950	y
278	30.625016	36.245950	29.472272	36.126025	y
279	29.472272	36.126025	28.677172	36.162550	y
280	28.677172	36.162550	28.611101	36.156919	y
281	28.611101	36.156919	28.548740	36.134381	y
282	28.548740	36.134381	28.529225	36.123156	y
283	28.529225	36.123156	28.296903	35.975428	y
284	28.296903	35.975428	28.051906	35.773772	y
285	28.051906	35.773772	28.046156	35.769178	y
286	28.046156	35.769178	27.835391	35.605706	y
287	27.835391	35.605706	27.835011	35.605485	y
288	27.835011	35.605485	27.834589	35.605369	y
289	27.834589	35.605369	27.834151	35.605366	y
290	27.834151	35.605366	27.833756	35.605466	y
291	27.833756	35.605466	27.664156	35.587666	y
292	27.664156	35.587666	26.680984	35.639059	y
293	26.680984	35.639059	26.614883	35.633849	y
294	26.614883	35.633849	26.565084	35.617744	y
295	26.565084	35.617744	26.023325	35.378409	y
296	26.023325	35.378409	25.973625	35.362328	y
297	25.973625	35.362328	25.694900	35.302928	y
298	25.694900	35.302928	25.632407	35.280761	y
299	25.632407	35.280761	25.577781	35.243175	y
300	25.577781	35.243175	25.534745	35.192732	y
301	25.534745	35.192732	25.506231	35.132869	y
302	25.506231	35.132869	25.503934	35.125397	y
303	25.503934	35.125397	24.962450	33.262500	y
304	24.962450	33.262500	24.935789	33.201789	y
305	24.935789	33.201789	24.894323	33.150046	y
306	24.894323	33.150046	24.879675	33.137047	y
307	24.879675	33.137047	17.461056	27.049128	y
308	17.461056	27.049128	17.404746	27.014117	y
309	17.404746	27.014117	17.385875	27.006463	y
310	17.385875	27.006463	16.314588	26.621241	y
311	16.314588	26.621241	16.255654	26.590849	y
312	16.255654	26.590849	16.206595	26.546243	y
313	16.206595	26.546243	16.189650	26.523797	y
314	16.189650	26.523797	13.863203	23.058316	y
315	13.863203	23.058316	13.833748	22.998910	y
316	13.833748	22.998910	13.829066	22.983669	y
317	13.829066	22.983669	13.586878	22.096919	y
318	13.586878	22.096919	13.577906	22.031221	y
319	13.577906	22.031221	13.582084	21.984109	y
320	13.582084	21.984109	13.753959	21.048534	y
321	13.753959	21.048534	13.757326	20.982313	y
322	13.757326	20.982313	13.743438	20.917477	y
323	13.743438	20.917477	13.713242	20.858444	y
324	13.713242	20.858444	13.686000	20.825319	y
325	13.686000	20.825319	13.522275	20.657403	y
326	13.522275	20.657403	13.482578	20.604293	y
327	13.482578	20.604293	13.462853	20.559450	y
328	13.462853	20.559450	11.902022	15.814284	y
329	11.902022	15.814284	11.873258	15.754541	y
330	11.873258	15.754541	11.848197	15.722259	y
331	11.848197	15.722259	8.602362	12.172206	y
332	8.602362	12.172206	8.560641	12.135569	y
333	8.560641	12.135569	6.346741	10.584619	y
334	6.346741	10.584619	6.287933	10.553988	y
335	6.287933	10.553988	6.223201	10.539622	y
336	6.223201	10.539622	6.213269	10.538947	y
337	6.213269	10.538947	4.387988	10.450712	y
338	4.387988	10.450712	4.322748	10.438894	y
339	4.322748	10.438894	4.262791	10.410596	y
340	4.262791	10.410596	4.259047	10.408141	y
341	4.259047	10.408141	1.561544	8.604044	y
342	1.561544	8.604044	1.511711	8.560301	y
343	1.511711	8.560301	1.474896	8.505153	y
344	1.474896	8.505153	1.453609	8.442355	y
345	1.453609	8.442355	1.449301	8.376188	y
346	1.449301	8.376188	1.462265	8.311160	y
347	1.462265	8.311160	1.491617	8.251704	y
348	1.491617	8.251704	1.535358	8.201870	y
349	1.535358	8.201870	1.590507	8.165055	y
350	1.590507	8.165055	1.653304	8.143769	y
351	1.653304	8.143769	1.668309	8.141256	y
352	1.668309	8.141256	2.476159	8.030703	y
353	2.476159	8.030703	2.540117	8.013215	y
354	2.540117	8.013215	2.597370	7.979770	y
355	2.597370	7.979770	2.644016	7.932647	y
356	2.644016	7.932647	2.676876	7.875057	y
357	2.676876	7.875057	2.679384	7.868672	y
358	2.679384	7.868672	2.772038	7.622969	y
359	2.772038	7.622969	2.787136	7.558402	y
360	2.787136	7.558402	2.787047	7.507406	y
361	2.787047	7.507406	2.704634	6.704509	y
362	2.704634	6.704509	2.693053	6.650494	y
363	2.693053	6.650494	2.341038	5.588831	y
364	2.341038	5.588831	2.328564	5.523707	y
365	2.328564	5.523707	2.333369	5.457574	y
366	2.333369	5.457574	2.355127	5.394938	y
367	2.355127	5.394938	2.392355	5.340068	y
368	2.392355	5.340068	2.442516	5.296703	y
369	2.442516	5.296703	2.502192	5.267798	y
370	2.502192	5.267798	2.567315	5.255323	y
371	2.567315	5.255323	2.633448	5.260128	y
372	2.633448	5.260128	2.696084	5.281887	y
373	2.696084	5.281887	2.697141	5.282422	y
374	2.697141	5.282422	3.067400	5.470453	y
375	25.300000	34.700000	25.390576	34.979248	y
376	25.390576	34.979248	25.550341	35.225537	y
377	25.550341	35.225537	25.768406	35.422084	y
378	25.768406	35.422084	25.900000	35.500000	y
***************
DISPLAY -20 113;LAYER ?? -113;LAYER 113 IDFDebug;SET COLOR_LAYER 113 red;CIRCLE (25.900000 35.500000) (27.900000 35.500000);change width 0.01;
SET Wire_Bend 2;
WIRE ( 3.067400 5.470453) (3.837678 5.949688);WIRE ( 3.837678 5.949688) (3.898070 5.977067);WIRE ( 3.898070 5.977067) (3.963489 5.987884);WIRE ( 3.963489 5.987884) (4.029479 5.981400);WIRE ( 4.029479 5.981400) (4.043359 5.977750);WIRE ( 4.043359 5.977750) (6.002478 5.403016);WIRE ( 6.002478 5.403016) (6.067994 5.392814);WIRE ( 6.067994 5.392814) (6.133919 5.399917);WIRE ( 6.133919 5.399917) (6.145922 5.403144);WIRE ( 6.145922 5.403144) (14.578156 7.893450);WIRE ( 14.578156 7.893450) (14.643656 7.903771);WIRE ( 14.643656 7.903771) (14.660556 7.903638);WIRE ( 14.660556 7.903638) (24.259891 7.508041);WIRE ( 24.259891 7.508041) (24.325224 7.496685);WIRE ( 24.325224 7.496685) (24.360575 7.482650);WIRE ( 24.360575 7.482650) (25.884794 6.740925);WIRE ( 25.884794 6.740925) (28.318444 5.619238);WIRE ( 28.318444 5.619238) (28.381769 5.599578);WIRE ( 28.381769 5.599578) (28.387478 5.598666);WIRE ( 28.387478 5.598666) (28.800822 5.537325);WIRE ( 28.800822 5.537325) (29.980072 5.559716);WIRE ( 29.980072 5.559716) (30.045966 5.552312);WIRE ( 30.045966 5.552312) (30.099122 5.532628);WIRE ( 30.099122 5.532628) (31.242503 4.956941);WIRE ( 31.242503 4.956941) (31.305112 4.935107);WIRE ( 31.305112 4.935107) (31.320763 4.932366);WIRE ( 31.320763 4.932366) (34.921463 4.417313);WIRE ( 34.921463 4.417313) (34.947734 4.414941);WIRE ( 34.947734 4.414941) (38.503409 4.279141);WIRE ( 38.503409 4.279141) (38.568770 4.267982);WIRE ( 38.568770 4.267982) (38.629016 4.240287);WIRE ( 38.629016 4.240287) (38.679475 4.198556);WIRE ( 38.679475 4.198556) (39.270275 3.565034);WIRE ( 39.270275 3.565034) (39.321440 3.522859);WIRE ( 39.321440 3.522859) (39.381779 3.495364);WIRE ( 39.381779 3.495364) (39.447177 3.484423);WIRE ( 39.447177 3.484423) (39.513179 3.490781);WIRE ( 39.513179 3.490781) (39.540869 3.498856);WIRE ( 39.540869 3.498856) (41.946228 4.351181);WIRE ( 41.946228 4.351181) (42.003672 4.364288);WIRE ( 42.003672 4.364288) (63.286269 6.673019);WIRE ( 63.286269 6.673019) (63.352560 6.671503);WIRE ( 63.352560 6.671503) (63.358797 6.670456);WIRE ( 63.358797 6.670456) (65.063275 6.362675);WIRE ( 65.063275 6.362675) (65.129505 6.359509);WIRE ( 65.129505 6.359509) (65.194298 6.373592);WIRE ( 65.194298 6.373592) (65.253237 6.403966);WIRE ( 65.253237 6.403966) (65.280016 6.425369);WIRE ( 65.280016 6.425369) (66.640694 7.672250);WIRE ( 66.640694 7.672250) (66.695009 7.710283);WIRE ( 66.695009 7.710283) (66.757317 7.732963);WIRE ( 66.757317 7.732963) (66.823372 7.738743);WIRE ( 66.823372 7.738743) (66.887678 7.727541);WIRE ( 66.887678 7.727541) (67.683256 7.480291);WIRE ( 67.683256 7.480291) (67.748604 7.469045);WIRE ( 67.748604 7.469045) (67.780578 7.469797);WIRE ( 67.780578 7.469797) (69.653244 7.632156);WIRE ( 69.653244 7.632156) (69.719490 7.629212);WIRE ( 69.719490 7.629212) (69.750403 7.621713);WIRE ( 69.750403 7.621713) (73.685637 6.401650);WIRE ( 73.685637 6.401650) (73.750989 6.390448);WIRE ( 73.750989 6.390448) (73.782463 6.391178);WIRE ( 73.782463 6.391178) (76.859800 6.653916);WIRE ( 76.859800 6.653916) (76.926035 6.650887);WIRE ( 76.926035 6.650887) (76.935319 6.649050);WIRE ( 76.935319 6.649050) (79.301672 6.135075);WIRE ( 79.301672 6.135075) (79.328926 6.125288);WIRE ( 79.328926 6.125288) (79.351553 6.109822);WIRE ( 79.351553 6.109822) (79.885278 6.177322);WIRE ( 79.885278 6.177322) (79.914372 6.179312);WIRE ( 79.914372 6.179312) (81.639038 6.198153);WIRE ( 81.639038 6.198153) (81.703322 6.207150);WIRE ( 81.703322 6.207150) (82.375494 6.391138);WIRE ( 82.375494 6.391138) (82.436618 6.416842);WIRE ( 82.436618 6.416842) (82.489006 6.457490);WIRE ( 82.489006 6.457490) (82.501394 6.470950);WIRE ( 82.501394 6.470950) (82.563019 6.542944);WIRE ( 82.563019 6.542944) (82.598938 6.577403);WIRE ( 82.598938 6.577403) (82.907656 6.820259);WIRE ( 82.907656 6.820259) (82.916427 6.803326);WIRE ( 82.916427 6.803326) (82.929280 6.789240);WIRE ( 82.929280 6.789240) (82.945342 6.778961);WIRE ( 82.945342 6.778961) (82.963516 6.773189);WIRE ( 82.963516 6.773189) (82.982565 6.772318);WIRE ( 82.982565 6.772318) (82.995013 6.774478);WIRE ( 82.995013 6.774478) (83.331378 6.863366);WIRE ( 83.331378 6.863366) (83.392724 6.888527);WIRE ( 83.392724 6.888527) (83.443894 6.927163);WIRE ( 83.443894 6.927163) (84.776188 8.227466);WIRE ( 84.776188 8.227466) (84.829280 8.267188);WIRE ( 84.829280 8.267188) (84.835672 8.270659);WIRE ( 84.835672 8.270659) (87.711688 9.778225);WIRE ( 87.711688 9.778225) (87.773932 9.801081);WIRE ( 87.773932 9.801081) (87.837553 9.807134);WIRE ( 87.837553 9.807134) (90.512069 9.723475);WIRE ( 90.512069 9.723475) (90.577499 9.712770);WIRE ( 90.577499 9.712770) (90.586703 9.709800);WIRE ( 90.586703 9.709800) (92.480259 9.058841);WIRE ( 92.480259 9.058841) (92.538456 9.030059);WIRE ( 92.538456 9.030059) (94.753062 7.555453);WIRE ( 94.753062 7.555453) (94.812578 7.526221);WIRE ( 94.812578 7.526221) (94.877632 7.513389);WIRE ( 94.877632 7.513389) (94.943790 7.517832);WIRE ( 94.943790 7.517832) (95.006544 7.539247);WIRE ( 95.006544 7.539247) (95.061617 7.576173);WIRE ( 95.061617 7.576173) (95.105257 7.626096);WIRE ( 95.105257 7.626096) (95.134488 7.685612);WIRE ( 95.134488 7.685612) (95.139297 7.701559);WIRE ( 95.139297 7.701559) (95.167341 7.806963);WIRE ( 95.167341 7.806963) (95.175878 7.872718);WIRE ( 95.175878 7.872718) (95.171116 7.921231);WIRE ( 95.171116 7.921231) (95.043534 8.570703);WIRE ( 95.043534 8.570703) (95.039356 8.636879);WIRE ( 95.039356 8.636879) (95.052447 8.701881);WIRE ( 95.052447 8.701881) (95.053603 8.705188);WIRE ( 95.053603 8.705188) (95.306281 9.411784);WIRE ( 95.306281 9.411784) (95.336568 9.470772);WIRE ( 95.336568 9.470772) (95.381088 9.519912);WIRE ( 95.381088 9.519912) (95.413506 9.543303);WIRE ( 95.413506 9.543303) (97.168800 10.610366);WIRE ( 97.168800 10.610366) (97.220478 10.651913);WIRE ( 97.220478 10.651913) (97.259643 10.705418);WIRE ( 97.259643 10.705418) (97.283626 10.767236);WIRE ( 97.283626 10.767236) (97.290791 10.833155);WIRE ( 97.290791 10.833155) (97.280652 10.898682);WIRE ( 97.280652 10.898682) (97.279538 10.902391);WIRE ( 97.279538 10.902391) (96.640156 12.971637);WIRE ( 96.640156 12.971637) (96.629017 13.037002);WIRE ( 96.629017 13.037002) (96.632778 13.091209);WIRE ( 96.632778 13.091209) (96.871197 14.428484);WIRE ( 96.871197 14.428484) (96.874215 14.494722);WIRE ( 96.874215 14.494722) (96.859986 14.559483);WIRE ( 96.859986 14.559483) (96.829481 14.618356);WIRE ( 96.829481 14.618356) (96.784777 14.667326);WIRE ( 96.784777 14.667326) (96.728922 14.703059);WIRE ( 96.728922 14.703059) (96.665723 14.723117);WIRE ( 96.665723 14.723117) (96.599485 14.726134);WIRE ( 96.599485 14.726134) (96.571306 14.722122);WIRE ( 96.571306 14.722122) (96.547581 14.720538);WIRE ( 96.547581 14.720538) (96.524254 14.725151);WIRE ( 96.524254 14.725151) (96.502915 14.735643);WIRE ( 96.502915 14.735643) (96.485020 14.751301);WIRE ( 96.485020 14.751301) (96.471786 14.771057);WIRE ( 96.471786 14.771057) (96.464117 14.793565);WIRE ( 96.464117 14.793565) (96.462535 14.817291);WIRE ( 96.462535 14.817291) (96.465053 14.833472);WIRE ( 96.465053 14.833472) (96.823013 16.269472);WIRE ( 96.823013 16.269472) (96.847313 16.331166);WIRE ( 96.847313 16.331166) (96.886752 16.384469);WIRE ( 96.886752 16.384469) (96.926759 16.418153);WIRE ( 96.926759 16.418153) (97.446178 16.770941);WIRE ( 97.446178 16.770941) (97.495699 16.815036);WIRE ( 97.495699 16.815036) (97.532119 16.870447);WIRE ( 97.532119 16.870447) (97.552957 16.933395);WIRE ( 97.552957 16.933395) (97.556792 16.999593);WIRE ( 97.556792 16.999593) (97.543363 17.064527);WIRE ( 97.543363 17.064527) (97.531297 17.093353);WIRE ( 97.531297 17.093353) (97.376331 17.407763);WIRE ( 97.376331 17.407763) (97.355032 17.470555);WIRE ( 97.355032 17.470555) (97.350710 17.536721);WIRE ( 97.350710 17.536721) (97.363660 17.601752);WIRE ( 97.363660 17.601752) (97.393000 17.661215);WIRE ( 97.393000 17.661215) (97.402188 17.674075);WIRE ( 97.402188 17.674075) (98.152994 18.658625);WIRE ( 98.152994 18.658625) (98.832941 20.126828);WIRE ( 98.832941 20.126828) (98.852713 20.190118);WIRE ( 98.852713 20.190118) (98.855430 20.256370);WIRE ( 98.855430 20.256370) (98.840908 20.321068);WIRE ( 98.840908 20.321068) (98.839000 20.326103);WIRE ( 98.839000 20.326103) (98.369016 21.527503);WIRE ( 98.369016 21.527503) (98.337006 21.585573);WIRE ( 98.337006 21.585573) (98.292384 21.632309);WIRE ( 98.292384 21.632309) (96.425009 23.145500);WIRE ( 96.425009 23.145500) (96.368484 23.180164);WIRE ( 96.368484 23.180164) (96.304913 23.199017);WIRE ( 96.304913 23.199017) (96.291544 23.200775);WIRE ( 96.291544 23.200775) (94.318584 23.407331);WIRE ( 94.318584 23.407331) (94.254103 23.422782);WIRE ( 94.254103 23.422782) (94.195818 23.454397);WIRE ( 94.195818 23.454397) (94.186191 23.461744);WIRE ( 94.186191 23.461744) (92.057297 25.167844);WIRE ( 92.057297 25.167844) (92.011412 25.215707);WIRE ( 92.011412 25.215707) (91.995575 25.240081);WIRE ( 91.995575 25.240081) (90.770675 27.384791);WIRE ( 90.770675 27.384791) (90.730557 27.437584);WIRE ( 90.730557 27.437584) (90.728163 27.439969);WIRE ( 90.728163 27.439969) (87.700844 30.415506);WIRE ( 87.700844 30.415506) (87.647891 30.455418);WIRE ( 87.647891 30.455418) (87.586414 30.480263);WIRE ( 87.586414 30.480263) (87.584181 30.480828);WIRE ( 87.584181 30.480828) (83.606738 31.471459);WIRE ( 83.606738 31.471459) (83.558481 31.478647);WIRE ( 83.558481 31.478647) (81.597837 31.580159);WIRE ( 81.597837 31.580159) (81.532626 31.592201);WIRE ( 81.532626 31.592201) (81.515734 31.598347);WIRE ( 81.515734 31.598347) (81.181641 31.733472);WIRE ( 81.181641 31.733472) (80.455009 31.853353);WIRE ( 80.455009 31.853353) (80.388736 31.855518);WIRE ( 80.388736 31.855518) (80.346341 31.847659);WIRE ( 80.346341 31.847659) (79.689406 31.667078);WIRE ( 79.689406 31.667078) (79.623723 31.657999);WIRE ( 79.623723 31.657999) (79.566609 31.664128);WIRE ( 79.566609 31.664128) (75.847350 32.496538);WIRE ( 75.847350 32.496538) (75.785087 32.519341);WIRE ( 75.785087 32.519341) (75.757172 32.536316);WIRE ( 75.757172 32.536316) (75.580931 32.659678);WIRE ( 75.580931 32.659678) (75.532035 32.704468);WIRE ( 75.532035 32.704468) (75.496399 32.760386);WIRE ( 75.496399 32.760386) (75.482119 32.798834);WIRE ( 75.482119 32.798834) (75.260909 33.583278);WIRE ( 75.260909 33.583278) (75.234738 33.644200);WIRE ( 75.234738 33.644200) (75.193690 33.696274);WIRE ( 75.193690 33.696274) (75.140562 33.735950);WIRE ( 75.140562 33.735950) (75.078977 33.760523);WIRE ( 75.078977 33.760523) (75.022438 33.768272);WIRE ( 75.022438 33.768272) (73.844597 33.796072);WIRE ( 73.844597 33.796072) (73.779085 33.806275);WIRE ( 73.779085 33.806275) (73.718446 33.833084);WIRE ( 73.718446 33.833084) (73.703906 33.842638);WIRE ( 73.703906 33.842638) (73.415447 34.046691);WIRE ( 73.415447 34.046691) (72.981703 34.507216);WIRE ( 72.981703 34.507216) (72.930332 34.549138);WIRE ( 72.930332 34.549138) (72.869860 34.576336);WIRE ( 72.869860 34.576336) (72.829681 34.584931);WIRE ( 72.829681 34.584931) (59.608003 36.310959);WIRE ( 59.608003 36.310959) (59.306147 36.373553);WIRE ( 59.306147 36.373553) (59.191453 36.397106);WIRE ( 59.191453 36.397106) (59.129284 36.407412);WIRE ( 59.129284 36.407412) (55.750116 36.835487);WIRE ( 55.750116 36.835487) (55.685984 36.852337);WIRE ( 55.685984 36.852337) (55.662484 36.863369);WIRE ( 55.662484 36.863369) (55.095081 37.166066);WIRE ( 55.095081 37.166066) (55.033003 37.189375);WIRE ( 55.033003 37.189375) (55.025994 37.190900);WIRE ( 55.025994 37.190900) (45.792497 39.062881);WIRE ( 45.792497 39.062881) (45.726350 39.067462);WIRE ( 45.726350 39.067462) (45.683222 39.061044);WIRE ( 45.683222 39.061044) (44.326125 38.738069);WIRE ( 44.326125 38.738069) (44.260169 38.731266);WIRE ( 44.260169 38.731266) (44.194699 38.741768);WIRE ( 44.194699 38.741768) (44.134177 38.768857);WIRE ( 44.134177 38.768857) (44.082729 38.810687);WIRE ( 44.082729 38.810687) (44.043861 38.864408);WIRE ( 44.043861 38.864408) (44.023209 38.914975);WIRE ( 44.023209 38.914975) (44.016844 38.937113);WIRE ( 44.016844 38.937113) (43.990359 38.997900);WIRE ( 43.990359 38.997900) (43.949043 39.049761);WIRE ( 43.949043 39.049761) (43.895711 39.089162);WIRE ( 43.895711 39.089162) (43.833999 39.113417);WIRE ( 43.833999 39.113417) (43.772616 39.120916);WIRE ( 43.772616 39.120916) (41.095194 39.119663);WIRE ( 41.095194 39.119663) (41.029475 39.110985);WIRE ( 41.029475 39.110985) (40.980456 39.092213);WIRE ( 40.980456 39.092213) (37.092259 37.120978);WIRE ( 37.092259 37.120978) (37.029709 37.098970);WIRE ( 37.029709 37.098970) (36.991528 37.093919);WIRE ( 36.991528 37.093919) (36.547469 37.069184);WIRE ( 36.547469 37.069184) (36.103841 36.787950);WIRE ( 36.103841 36.787950) (36.043684 36.760062);WIRE ( 36.043684 36.760062) (35.978358 36.748693);WIRE ( 35.978358 36.748693) (35.961969 36.748541);WIRE ( 35.961969 36.748541) (35.693613 36.754750);WIRE ( 35.693613 36.754750) (35.380816 36.776534);WIRE ( 35.380816 36.776534) (34.520775 36.707469);WIRE ( 34.520775 36.707469) (34.455939 36.693582);WIRE ( 34.455939 36.693582) (34.445156 36.689466);WIRE ( 34.445156 36.689466) (33.665766 36.371491);WIRE ( 33.665766 36.371491) (33.601627 36.354671);WIRE ( 33.601627 36.354671) (33.556016 36.353047);WIRE ( 33.556016 36.353047) (31.154469 36.483728);WIRE ( 31.154469 36.483728) (31.088359 36.478660);WIRE ( 31.088359 36.478660) (31.025815 36.456655);WIRE ( 31.025815 36.456655) (30.971097 36.419212);WIRE ( 30.971097 36.419212) (30.952078 36.400250);WIRE ( 30.952078 36.400250) (30.792813 36.223725);WIRE ( 30.792813 36.223725) (30.701938 36.242216);WIRE ( 30.701938 36.242216) (30.635793 36.246842);WIRE ( 30.635793 36.246842) (30.625016 36.245950);WIRE ( 30.625016 36.245950) (29.472272 36.126025);WIRE ( 29.472272 36.126025) (28.677172 36.162550);WIRE ( 28.677172 36.162550) (28.611101 36.156919);WIRE ( 28.611101 36.156919) (28.548740 36.134381);WIRE ( 28.548740 36.134381) (28.529225 36.123156);WIRE ( 28.529225 36.123156) (28.296903 35.975428);WIRE ( 28.296903 35.975428) (28.051906 35.773772);WIRE ( 28.051906 35.773772) (28.046156 35.769178);WIRE ( 28.046156 35.769178) (27.835391 35.605706);WIRE ( 27.835391 35.605706) (27.835011 35.605485);WIRE ( 27.835011 35.605485) (27.834589 35.605369);WIRE ( 27.834589 35.605369) (27.834151 35.605366);WIRE ( 27.834151 35.605366) (27.833756 35.605466);WIRE ( 27.833756 35.605466) (27.664156 35.587666);WIRE ( 27.664156 35.587666) (26.680984 35.639059);WIRE ( 26.680984 35.639059) (26.614883 35.633849);WIRE ( 26.614883 35.633849) (26.565084 35.617744);WIRE ( 26.565084 35.617744) (26.023325 35.378409);WIRE ( 26.023325 35.378409) (25.973625 35.362328);WIRE ( 25.973625 35.362328) (25.694900 35.302928);WIRE ( 25.694900 35.302928) (25.632407 35.280761);WIRE ( 25.632407 35.280761) (25.577781 35.243175);WIRE ( 25.577781 35.243175) (25.534745 35.192732);WIRE ( 25.534745 35.192732) (25.506231 35.132869);WIRE ( 25.506231 35.132869) (25.503934 35.125397);WIRE ( 25.503934 35.125397) (24.962450 33.262500);WIRE ( 24.962450 33.262500) (24.935789 33.201789);WIRE ( 24.935789 33.201789) (24.894323 33.150046);WIRE ( 24.894323 33.150046) (24.879675 33.137047);WIRE ( 24.879675 33.137047) (17.461056 27.049128);WIRE ( 17.461056 27.049128) (17.404746 27.014117);WIRE ( 17.404746 27.014117) (17.385875 27.006463);WIRE ( 17.385875 27.006463) (16.314588 26.621241);WIRE ( 16.314588 26.621241) (16.255654 26.590849);WIRE ( 16.255654 26.590849) (16.206595 26.546243);WIRE ( 16.206595 26.546243) (16.189650 26.523797);WIRE ( 16.189650 26.523797) (13.863203 23.058316);WIRE ( 13.863203 23.058316) (13.833748 22.998910);WIRE ( 13.833748 22.998910) (13.829066 22.983669);WIRE ( 13.829066 22.983669) (13.586878 22.096919);WIRE ( 13.586878 22.096919) (13.577906 22.031221);WIRE ( 13.577906 22.031221) (13.582084 21.984109);WIRE ( 13.582084 21.984109) (13.753959 21.048534);WIRE ( 13.753959 21.048534) (13.757326 20.982313);WIRE ( 13.757326 20.982313) (13.743438 20.917477);WIRE ( 13.743438 20.917477) (13.713242 20.858444);WIRE ( 13.713242 20.858444) (13.686000 20.825319);WIRE ( 13.686000 20.825319) (13.522275 20.657403);WIRE ( 13.522275 20.657403) (13.482578 20.604293);WIRE ( 13.482578 20.604293) (13.462853 20.559450);WIRE ( 13.462853 20.559450) (11.902022 15.814284);WIRE ( 11.902022 15.814284) (11.873258 15.754541);WIRE ( 11.873258 15.754541) (11.848197 15.722259);WIRE ( 11.848197 15.722259) (8.602362 12.172206);WIRE ( 8.602362 12.172206) (8.560641 12.135569);WIRE ( 8.560641 12.135569) (6.346741 10.584619);WIRE ( 6.346741 10.584619) (6.287933 10.553988);WIRE ( 6.287933 10.553988) (6.223201 10.539622);WIRE ( 6.223201 10.539622) (6.213269 10.538947);WIRE ( 6.213269 10.538947) (4.387988 10.450712);WIRE ( 4.387988 10.450712) (4.322748 10.438894);WIRE ( 4.322748 10.438894) (4.262791 10.410596);WIRE ( 4.262791 10.410596) (4.259047 10.408141);WIRE ( 4.259047 10.408141) (1.561544 8.604044);WIRE ( 1.561544 8.604044) (1.511711 8.560301);WIRE ( 1.511711 8.560301) (1.474896 8.505153);WIRE ( 1.474896 8.505153) (1.453609 8.442355);WIRE ( 1.453609 8.442355) (1.449301 8.376188);WIRE ( 1.449301 8.376188) (1.462265 8.311160);WIRE ( 1.462265 8.311160) (1.491617 8.251704);WIRE ( 1.491617 8.251704) (1.535358 8.201870);WIRE ( 1.535358 8.201870) (1.590507 8.165055);WIRE ( 1.590507 8.165055) (1.653304 8.143769);WIRE ( 1.653304 8.143769) (1.668309 8.141256);WIRE ( 1.668309 8.141256) (2.476159 8.030703);WIRE ( 2.476159 8.030703) (2.540117 8.013215);WIRE ( 2.540117 8.013215) (2.597370 7.979770);WIRE ( 2.597370 7.979770) (2.644016 7.932647);WIRE ( 2.644016 7.932647) (2.676876 7.875057);WIRE ( 2.676876 7.875057) (2.679384 7.868672);WIRE ( 2.679384 7.868672) (2.772038 7.622969);WIRE ( 2.772038 7.622969) (2.787136 7.558402);WIRE ( 2.787136 7.558402) (2.787047 7.507406);WIRE ( 2.787047 7.507406) (2.704634 6.704509);WIRE ( 2.704634 6.704509) (2.693053 6.650494);WIRE ( 2.693053 6.650494) (2.341038 5.588831);WIRE ( 2.341038 5.588831) (2.328564 5.523707);WIRE ( 2.328564 5.523707) (2.333369 5.457574);WIRE ( 2.333369 5.457574) (2.355127 5.394938);WIRE ( 2.355127 5.394938) (2.392355 5.340068);WIRE ( 2.392355 5.340068) (2.442516 5.296703);WIRE ( 2.442516 5.296703) (2.502192 5.267798);WIRE ( 2.502192 5.267798) (2.567315 5.255323);WIRE ( 2.567315 5.255323) (2.633448 5.260128);WIRE ( 2.633448 5.260128) (2.696084 5.281887);WIRE ( 2.696084 5.281887) (2.697141 5.282422);WIRE ( 2.697141 5.282422) (3.067400 5.470453);WIRE ( 25.300000 34.700000) (25.390576 34.979248);WIRE ( 25.390576 34.979248) (25.550341 35.225537);WIRE ( 25.550341 35.225537) (25.768406 35.422084);WIRE ( 25.768406 35.422084) (25.900000 35.500000);DISPLAY NONE;DISPLAY 20 113;WINDOW FIT;***************
.BOARD_OUTLINE UNOWNED
1.6
0     3.067400     5.470453     0
0     3.837678     5.949688     0
0     3.898070     5.977067     0
0     3.963489     5.987884     0
0     4.029479     5.981400     0
0     4.043359     5.977750     0
0     6.002478     5.403016     0
0     6.067994     5.392814     0
0     6.133919     5.399917     0
0     6.145922     5.403144     0
0     14.578156     7.893450     0
0     14.643656     7.903771     0
0     14.660556     7.903638     0
0     24.259891     7.508041     0
0     24.325224     7.496685     0
0     24.360575     7.482650     0
0     25.884794     6.740925     0
0     28.318444     5.619238     0
0     28.381769     5.599578     0
0     28.387478     5.598666     0
0     28.800822     5.537325     0
0     29.980072     5.559716     0
0     30.045966     5.552312     0
0     30.099122     5.532628     0
0     31.242503     4.956941     0
0     31.305112     4.935107     0
0     31.320763     4.932366     0
0     34.921463     4.417313     0
0     34.947734     4.414941     0
0     38.503409     4.279141     0
0     38.568770     4.267982     0
0     38.629016     4.240287     0
0     38.679475     4.198556     0
0     39.270275     3.565034     0
0     39.321440     3.522859     0
0     39.381779     3.495364     0
0     39.447177     3.484423     0
0     39.513179     3.490781     0
0     39.540869     3.498856     0
0     41.946228     4.351181     0
0     42.003672     4.364288     0
0     63.286269     6.673019     0
0     63.352560     6.671503     0
0     63.358797     6.670456     0
0     65.063275     6.362675     0
0     65.129505     6.359509     0
0     65.194298     6.373592     0
0     65.253237     6.403966     0
0     65.280016     6.425369     0
0     66.640694     7.672250     0
0     66.695009     7.710283     0
0     66.757317     7.732963     0
0     66.823372     7.738743     0
0     66.887678     7.727541     0
0     67.683256     7.480291     0
0     67.748604     7.469045     0
0     67.780578     7.469797     0
0     69.653244     7.632156     0
0     69.719490     7.629212     0
0     69.750403     7.621713     0
0     73.685637     6.401650     0
0     73.750989     6.390448     0
0     73.782463     6.391178     0
0     76.859800     6.653916     0
0     76.926035     6.650887     0
0     76.935319     6.649050     0
0     79.301672     6.135075     0
0     79.328926     6.125288     0
0     79.351553     6.109822     0
0     79.885278     6.177322     0
0     79.914372     6.179312     0
0     81.639038     6.198153     0
0     81.703322     6.207150     0
0     82.375494     6.391138     0
0     82.436618     6.416842     0
0     82.489006     6.457490     0
0     82.501394     6.470950     0
0     82.563019     6.542944     0
0     82.598938     6.577403     0
0     82.907656     6.820259     0
0     82.916427     6.803326     0
0     82.929280     6.789240     0
0     82.945342     6.778961     0
0     82.963516     6.773189     0
0     82.982565     6.772318     0
0     82.995013     6.774478     0
0     83.331378     6.863366     0
0     83.392724     6.888527     0
0     83.443894     6.927163     0
0     84.776188     8.227466     0
0     84.829280     8.267188     0
0     84.835672     8.270659     0
0     87.711688     9.778225     0
0     87.773932     9.801081     0
0     87.837553     9.807134     0
0     90.512069     9.723475     0
0     90.577499     9.712770     0
0     90.586703     9.709800     0
0     92.480259     9.058841     0
0     92.538456     9.030059     0
0     94.753062     7.555453     0
0     94.812578     7.526221     0
0     94.877632     7.513389     0
0     94.943790     7.517832     0
0     95.006544     7.539247     0
0     95.061617     7.576173     0
0     95.105257     7.626096     0
0     95.134488     7.685612     0
0     95.139297     7.701559     0
0     95.167341     7.806963     0
0     95.175878     7.872718     0
0     95.171116     7.921231     0
0     95.043534     8.570703     0
0     95.039356     8.636879     0
0     95.052447     8.701881     0
0     95.053603     8.705188     0
0     95.306281     9.411784     0
0     95.336568     9.470772     0
0     95.381088     9.519912     0
0     95.413506     9.543303     0
0     97.168800     10.610366     0
0     97.220478     10.651913     0
0     97.259643     10.705418     0
0     97.283626     10.767236     0
0     97.290791     10.833155     0
0     97.280652     10.898682     0
0     97.279538     10.902391     0
0     96.640156     12.971637     0
0     96.629017     13.037002     0
0     96.632778     13.091209     0
0     96.871197     14.428484     0
0     96.874215     14.494722     0
0     96.859986     14.559483     0
0     96.829481     14.618356     0
0     96.784777     14.667326     0
0     96.728922     14.703059     0
0     96.665723     14.723117     0
0     96.599485     14.726134     0
0     96.571306     14.722122     0
0     96.547581     14.720538     0
0     96.524254     14.725151     0
0     96.502915     14.735643     0
0     96.485020     14.751301     0
0     96.471786     14.771057     0
0     96.464117     14.793565     0
0     96.462535     14.817291     0
0     96.465053     14.833472     0
0     96.823013     16.269472     0
0     96.847313     16.331166     0
0     96.886752     16.384469     0
0     96.926759     16.418153     0
0     97.446178     16.770941     0
0     97.495699     16.815036     0
0     97.532119     16.870447     0
0     97.552957     16.933395     0
0     97.556792     16.999593     0
0     97.543363     17.064527     0
0     97.531297     17.093353     0
0     97.376331     17.407763     0
0     97.355032     17.470555     0
0     97.350710     17.536721     0
0     97.363660     17.601752     0
0     97.393000     17.661215     0
0     97.402188     17.674075     0
0     98.152994     18.658625     0
0     98.832941     20.126828     0
0     98.852713     20.190118     0
0     98.855430     20.256370     0
0     98.840908     20.321068     0
0     98.839000     20.326103     0
0     98.369016     21.527503     0
0     98.337006     21.585573     0
0     98.292384     21.632309     0
0     96.425009     23.145500     0
0     96.368484     23.180164     0
0     96.304913     23.199017     0
0     96.291544     23.200775     0
0     94.318584     23.407331     0
0     94.254103     23.422782     0
0     94.195818     23.454397     0
0     94.186191     23.461744     0
0     92.057297     25.167844     0
0     92.011412     25.215707     0
0     91.995575     25.240081     0
0     90.770675     27.384791     0
0     90.730557     27.437584     0
0     90.728163     27.439969     0
0     87.700844     30.415506     0
0     87.647891     30.455418     0
0     87.586414     30.480263     0
0     87.584181     30.480828     0
0     83.606738     31.471459     0
0     83.558481     31.478647     0
0     81.597837     31.580159     0
0     81.532626     31.592201     0
0     81.515734     31.598347     0
0     81.181641     31.733472     0
0     80.455009     31.853353     0
0     80.388736     31.855518     0
0     80.346341     31.847659     0
0     79.689406     31.667078     0
0     79.623723     31.657999     0
0     79.566609     31.664128     0
0     75.847350     32.496538     0
0     75.785087     32.519341     0
0     75.757172     32.536316     0
0     75.580931     32.659678     0
0     75.532035     32.704468     0
0     75.496399     32.760386     0
0     75.482119     32.798834     0
0     75.260909     33.583278     0
0     75.234738     33.644200     0
0     75.193690     33.696274     0
0     75.140562     33.735950     0
0     75.078977     33.760523     0
0     75.022438     33.768272     0
0     73.844597     33.796072     0
0     73.779085     33.806275     0
0     73.718446     33.833084     0
0     73.703906     33.842638     0
0     73.415447     34.046691     0
0     72.981703     34.507216     0
0     72.930332     34.549138     0
0     72.869860     34.576336     0
0     72.829681     34.584931     0
0     59.608003     36.310959     0
0     59.306147     36.373553     0
0     59.191453     36.397106     0
0     59.129284     36.407412     0
0     55.750116     36.835487     0
0     55.685984     36.852337     0
0     55.662484     36.863369     0
0     55.095081     37.166066     0
0     55.033003     37.189375     0
0     55.025994     37.190900     0
0     45.792497     39.062881     0
0     45.726350     39.067462     0
0     45.683222     39.061044     0
0     44.326125     38.738069     0
0     44.260169     38.731266     0
0     44.194699     38.741768     0
0     44.134177     38.768857     0
0     44.082729     38.810687     0
0     44.043861     38.864408     0
0     44.023209     38.914975     0
0     44.016844     38.937113     0
0     43.990359     38.997900     0
0     43.949043     39.049761     0
0     43.895711     39.089162     0
0     43.833999     39.113417     0
0     43.772616     39.120916     0
0     41.095194     39.119663     0
0     41.029475     39.110985     0
0     40.980456     39.092213     0
0     37.092259     37.120978     0
0     37.029709     37.098970     0
0     36.991528     37.093919     0
0     36.547469     37.069184     0
0     36.103841     36.787950     0
0     36.043684     36.760062     0
0     35.978358     36.748693     0
0     35.961969     36.748541     0
0     35.693613     36.754750     0
0     35.380816     36.776534     0
0     34.520775     36.707469     0
0     34.455939     36.693582     0
0     34.445156     36.689466     0
0     33.665766     36.371491     0
0     33.601627     36.354671     0
0     33.556016     36.353047     0
0     31.154469     36.483728     0
0     31.088359     36.478660     0
0     31.025815     36.456655     0
0     30.971097     36.419212     0
0     30.952078     36.400250     0
0     30.792813     36.223725     0
0     30.701938     36.242216     0
0     30.635793     36.246842     0
0     30.625016     36.245950     0
0     29.472272     36.126025     0
0     28.677172     36.162550     0
0     28.611101     36.156919     0
0     28.548740     36.134381     0
0     28.529225     36.123156     0
0     28.296903     35.975428     0
0     28.051906     35.773772     0
0     28.046156     35.769178     0
0     27.835391     35.605706     0
0     27.835011     35.605485     0
0     27.834589     35.605369     0
0     27.834151     35.605366     0
0     27.833756     35.605466     0
0     27.664156     35.587666     0
0     26.680984     35.639059     0
0     26.614883     35.633849     0
0     26.565084     35.617744     0
0     26.023325     35.378409     0
0     25.973625     35.362328     0
0     25.694900     35.302928     0
0     25.632407     35.280761     0
0     25.577781     35.243175     0
0     25.534745     35.192732     0
0     25.506231     35.132869     0
0     25.503934     35.125397     0
0     24.962450     33.262500     0
0     24.935789     33.201789     0
0     24.894323     33.150046     0
0     24.879675     33.137047     0
0     17.461056     27.049128     0
0     17.404746     27.014117     0
0     17.385875     27.006463     0
0     16.314588     26.621241     0
0     16.255654     26.590849     0
0     16.206595     26.546243     0
0     16.189650     26.523797     0
0     13.863203     23.058316     0
0     13.833748     22.998910     0
0     13.829066     22.983669     0
0     13.586878     22.096919     0
0     13.577906     22.031221     0
0     13.582084     21.984109     0
0     13.753959     21.048534     0
0     13.757326     20.982313     0
0     13.743438     20.917477     0
0     13.713242     20.858444     0
0     13.686000     20.825319     0
0     13.522275     20.657403     0
0     13.482578     20.604293     0
0     13.462853     20.559450     0
0     11.902022     15.814284     0
0     11.873258     15.754541     0
0     11.848197     15.722259     0
0     8.602362     12.172206     0
0     8.560641     12.135569     0
0     6.346741     10.584619     0
0     6.287933     10.553988     0
0     6.223201     10.539622     0
0     6.213269     10.538947     0
0     4.387988     10.450712     0
0     4.322748     10.438894     0
0     4.262791     10.410596     0
0     4.259047     10.408141     0
0     1.561544     8.604044     0
0     1.511711     8.560301     0
0     1.474896     8.505153     0
0     1.453609     8.442355     0
0     1.449301     8.376188     0
0     1.462265     8.311160     0
0     1.491617     8.251704     0
0     1.535358     8.201870     0
0     1.590507     8.165055     0
0     1.653304     8.143769     0
0     1.668309     8.141256     0
0     2.476159     8.030703     0
0     2.540117     8.013215     0
0     2.597370     7.979770     0
0     2.644016     7.932647     0
0     2.676876     7.875057     0
0     2.679384     7.868672     0
0     2.772038     7.622969     0
0     2.787136     7.558402     0
0     2.787047     7.507406     0
0     2.704634     6.704509     0
0     2.693053     6.650494     0
0     2.341038     5.588831     0
0     2.328564     5.523707     0
0     2.333369     5.457574     0
0     2.355127     5.394938     0
0     2.392355     5.340068     0
0     2.442516     5.296703     0
0     2.502192     5.267798     0
0     2.567315     5.255323     0
0     2.633448     5.260128     0
0     2.696084     5.281887     0
0     2.697141     5.282422     0
0     3.067400     5.470453     0
1     25.300000     34.700000     0
1     25.390576     34.979248     0
1     25.550341     35.225537     0
1     25.768406     35.422084     0
